{"/Users/silas_green/CS482-Triangle-Project-GoFish-2/go-fish/src/components/Home/Shop/Shop.jsx": {"path":"/Users/silas_green/CS482-Triangle-Project-GoFish-2/go-fish/src/components/Home/Shop/Shop.jsx","statementMap":{"0":{"start":{"line":13,"column":18},"end":{"line":22,"column":1}},"1":{"start":{"line":24,"column":13},"end":{"line":212,"column":1}},"2":{"start":{"line":25,"column":42},"end":{"line":25,"column":53}},"3":{"start":{"line":26,"column":28},"end":{"line":26,"column":40}},"4":{"start":{"line":27,"column":46},"end":{"line":27,"column":58}},"5":{"start":{"line":28,"column":36},"end":{"line":28,"column":48}},"6":{"start":{"line":29,"column":18},"end":{"line":29,"column":54}},"7":{"start":{"line":30,"column":36},"end":{"line":30,"column":50}},"8":{"start":{"line":32,"column":15},"end":{"line":32,"column":24}},"9":{"start":{"line":33,"column":19},"end":{"line":33,"column":32}},"10":{"start":{"line":34,"column":19},"end":{"line":34,"column":51}},"11":{"start":{"line":36,"column":23},"end":{"line":36,"column":54}},"12":{"start":{"line":37,"column":21},"end":{"line":37,"column":50}},"13":{"start":{"line":40,"column":17},"end":{"line":44,"column":3}},"14":{"start":{"line":41,"column":4},"end":{"line":41,"column":18}},"15":{"start":{"line":42,"column":4},"end":{"line":42,"column":26}},"16":{"start":{"line":43,"column":4},"end":{"line":43,"column":22}},"17":{"start":{"line":47,"column":2},"end":{"line":55,"column":14}},"18":{"start":{"line":48,"column":4},"end":{"line":48,"column":22}},"19":{"start":{"line":49,"column":4},"end":{"line":49,"column":17}},"20":{"start":{"line":50,"column":4},"end":{"line":50,"column":23}},"21":{"start":{"line":51,"column":4},"end":{"line":54,"column":6}},"22":{"start":{"line":52,"column":6},"end":{"line":52,"column":20}},"23":{"start":{"line":53,"column":6},"end":{"line":53,"column":28}},"24":{"start":{"line":58,"column":22},"end":{"line":65,"column":3}},"25":{"start":{"line":59,"column":4},"end":{"line":63,"column":5}},"26":{"start":{"line":60,"column":6},"end":{"line":60,"column":20}},"27":{"start":{"line":62,"column":6},"end":{"line":62,"column":19}},"28":{"start":{"line":64,"column":4},"end":{"line":64,"column":29}},"29":{"start":{"line":68,"column":2},"end":{"line":86,"column":23}},"30":{"start":{"line":69,"column":26},"end":{"line":84,"column":5}},"31":{"start":{"line":70,"column":6},"end":{"line":83,"column":7}},"32":{"start":{"line":71,"column":28},"end":{"line":71,"column":82}},"33":{"start":{"line":72,"column":8},"end":{"line":72,"column":39}},"34":{"start":{"line":73,"column":8},"end":{"line":73,"column":79}},"35":{"start":{"line":75,"column":23},"end":{"line":75,"column":44}},"36":{"start":{"line":76,"column":8},"end":{"line":82,"column":9}},"37":{"start":{"line":77,"column":26},"end":{"line":77,"column":64}},"38":{"start":{"line":78,"column":10},"end":{"line":81,"column":11}},"39":{"start":{"line":79,"column":12},"end":{"line":79,"column":65}},"40":{"start":{"line":80,"column":12},"end":{"line":80,"column":57}},"41":{"start":{"line":85,"column":4},"end":{"line":85,"column":20}},"42":{"start":{"line":89,"column":25},"end":{"line":168,"column":3}},"43":{"start":{"line":90,"column":4},"end":{"line":94,"column":5}},"44":{"start":{"line":91,"column":6},"end":{"line":91,"column":38}},"45":{"start":{"line":92,"column":6},"end":{"line":92,"column":24}},"46":{"start":{"line":93,"column":6},"end":{"line":93,"column":13}},"47":{"start":{"line":95,"column":4},"end":{"line":99,"column":5}},"48":{"start":{"line":96,"column":6},"end":{"line":96,"column":44}},"49":{"start":{"line":97,"column":6},"end":{"line":97,"column":24}},"50":{"start":{"line":98,"column":6},"end":{"line":98,"column":13}},"51":{"start":{"line":101,"column":4},"end":{"line":167,"column":5}},"52":{"start":{"line":103,"column":22},"end":{"line":103,"column":53}},"53":{"start":{"line":104,"column":25},"end":{"line":104,"column":50}},"54":{"start":{"line":105,"column":31},"end":{"line":105,"column":64}},"55":{"start":{"line":107,"column":6},"end":{"line":107,"column":34}},"56":{"start":{"line":108,"column":6},"end":{"line":108,"column":37}},"57":{"start":{"line":110,"column":33},"end":{"line":110,"column":93}},"58":{"start":{"line":111,"column":6},"end":{"line":111,"column":41}},"59":{"start":{"line":113,"column":6},"end":{"line":113,"column":56}},"60":{"start":{"line":114,"column":6},"end":{"line":114,"column":79}},"61":{"start":{"line":115,"column":6},"end":{"line":115,"column":85}},"62":{"start":{"line":117,"column":6},"end":{"line":128,"column":7}},"63":{"start":{"line":118,"column":25},"end":{"line":118,"column":51}},"64":{"start":{"line":119,"column":8},"end":{"line":123,"column":28}},"65":{"start":{"line":125,"column":8},"end":{"line":125,"column":64}},"66":{"start":{"line":126,"column":8},"end":{"line":126,"column":26}},"67":{"start":{"line":127,"column":8},"end":{"line":127,"column":15}},"68":{"start":{"line":130,"column":6},"end":{"line":130,"column":52}},"69":{"start":{"line":131,"column":6},"end":{"line":131,"column":26}},"70":{"start":{"line":132,"column":6},"end":{"line":132,"column":52}},"71":{"start":{"line":132,"column":23},"end":{"line":132,"column":44}},"72":{"start":{"line":134,"column":6},"end":{"line":166,"column":7}},"73":{"start":{"line":136,"column":24},"end":{"line":136,"column":62}},"74":{"start":{"line":137,"column":8},"end":{"line":158,"column":11}},"75":{"start":{"line":138,"column":26},"end":{"line":138,"column":56}},"76":{"start":{"line":139,"column":10},"end":{"line":139,"column":61}},"77":{"start":{"line":139,"column":33},"end":{"line":139,"column":61}},"78":{"start":{"line":141,"column":33},"end":{"line":141,"column":68}},"79":{"start":{"line":142,"column":35},"end":{"line":142,"column":65}},"80":{"start":{"line":144,"column":10},"end":{"line":144,"column":70}},"81":{"start":{"line":144,"column":43},"end":{"line":144,"column":70}},"82":{"start":{"line":145,"column":10},"end":{"line":145,"column":72}},"83":{"start":{"line":145,"column":41},"end":{"line":145,"column":72}},"84":{"start":{"line":147,"column":29},"end":{"line":147,"column":56}},"85":{"start":{"line":148,"column":35},"end":{"line":148,"column":75}},"86":{"start":{"line":150,"column":10},"end":{"line":154,"column":13}},"87":{"start":{"line":156,"column":10},"end":{"line":156,"column":38}},"88":{"start":{"line":157,"column":10},"end":{"line":157,"column":41}},"89":{"start":{"line":160,"column":8},"end":{"line":160,"column":54}},"90":{"start":{"line":161,"column":8},"end":{"line":161,"column":28}},"91":{"start":{"line":162,"column":8},"end":{"line":162,"column":54}},"92":{"start":{"line":162,"column":25},"end":{"line":162,"column":46}},"93":{"start":{"line":164,"column":8},"end":{"line":164,"column":49}},"94":{"start":{"line":165,"column":8},"end":{"line":165,"column":26}},"95":{"start":{"line":171,"column":25},"end":{"line":174,"column":3}},"96":{"start":{"line":172,"column":24},"end":{"line":172,"column":41}},"97":{"start":{"line":173,"column":4},"end":{"line":173,"column":83}},"98":{"start":{"line":176,"column":2},"end":{"line":211,"column":4}},"99":{"start":{"line":196,"column":10},"end":{"line":207,"column":16}},"100":{"start":{"line":201,"column":29},"end":{"line":201,"column":49}}},"fnMap":{"0":{"name":"(anonymous_0)","decl":{"start":{"line":24,"column":13},"end":{"line":24,"column":14}},"loc":{"start":{"line":24,"column":19},"end":{"line":212,"column":1}},"line":24},"1":{"name":"(anonymous_1)","decl":{"start":{"line":40,"column":17},"end":{"line":40,"column":18}},"loc":{"start":{"line":40,"column":23},"end":{"line":44,"column":3}},"line":40},"2":{"name":"(anonymous_2)","decl":{"start":{"line":47,"column":12},"end":{"line":47,"column":13}},"loc":{"start":{"line":47,"column":18},"end":{"line":55,"column":3}},"line":47},"3":{"name":"(anonymous_3)","decl":{"start":{"line":51,"column":11},"end":{"line":51,"column":12}},"loc":{"start":{"line":51,"column":17},"end":{"line":54,"column":5}},"line":51},"4":{"name":"(anonymous_4)","decl":{"start":{"line":58,"column":22},"end":{"line":58,"column":23}},"loc":{"start":{"line":58,"column":28},"end":{"line":65,"column":3}},"line":58},"5":{"name":"(anonymous_5)","decl":{"start":{"line":68,"column":12},"end":{"line":68,"column":13}},"loc":{"start":{"line":68,"column":18},"end":{"line":86,"column":3}},"line":68},"6":{"name":"(anonymous_6)","decl":{"start":{"line":69,"column":26},"end":{"line":69,"column":27}},"loc":{"start":{"line":69,"column":38},"end":{"line":84,"column":5}},"line":69},"7":{"name":"(anonymous_7)","decl":{"start":{"line":89,"column":25},"end":{"line":89,"column":26}},"loc":{"start":{"line":89,"column":41},"end":{"line":168,"column":3}},"line":89},"8":{"name":"(anonymous_8)","decl":{"start":{"line":132,"column":17},"end":{"line":132,"column":18}},"loc":{"start":{"line":132,"column":23},"end":{"line":132,"column":44}},"line":132},"9":{"name":"(anonymous_9)","decl":{"start":{"line":137,"column":33},"end":{"line":137,"column":34}},"loc":{"start":{"line":137,"column":56},"end":{"line":158,"column":9}},"line":137},"10":{"name":"(anonymous_10)","decl":{"start":{"line":162,"column":19},"end":{"line":162,"column":20}},"loc":{"start":{"line":162,"column":25},"end":{"line":162,"column":46}},"line":162},"11":{"name":"(anonymous_11)","decl":{"start":{"line":171,"column":25},"end":{"line":171,"column":26}},"loc":{"start":{"line":171,"column":52},"end":{"line":174,"column":3}},"line":171},"12":{"name":"(anonymous_12)","decl":{"start":{"line":195,"column":23},"end":{"line":195,"column":24}},"loc":{"start":{"line":196,"column":10},"end":{"line":207,"column":16}},"line":196},"13":{"name":"(anonymous_13)","decl":{"start":{"line":201,"column":23},"end":{"line":201,"column":24}},"loc":{"start":{"line":201,"column":29},"end":{"line":201,"column":49}},"line":201}},"branchMap":{"0":{"loc":{"start":{"line":59,"column":4},"end":{"line":63,"column":5}},"type":"if","locations":[{"start":{"line":59,"column":4},"end":{"line":63,"column":5}},{"start":{"line":61,"column":11},"end":{"line":63,"column":5}}],"line":59},"1":{"loc":{"start":{"line":70,"column":6},"end":{"line":83,"column":7}},"type":"if","locations":[{"start":{"line":70,"column":6},"end":{"line":83,"column":7}},{"start":{"line":74,"column":13},"end":{"line":83,"column":7}}],"line":70},"2":{"loc":{"start":{"line":71,"column":28},"end":{"line":71,"column":82}},"type":"binary-expr","locations":[{"start":{"line":71,"column":28},"end":{"line":71,"column":75}},{"start":{"line":71,"column":79},"end":{"line":71,"column":82}}],"line":71},"3":{"loc":{"start":{"line":73,"column":21},"end":{"line":73,"column":77}},"type":"binary-expr","locations":[{"start":{"line":73,"column":21},"end":{"line":73,"column":71}},{"start":{"line":73,"column":75},"end":{"line":73,"column":77}}],"line":73},"4":{"loc":{"start":{"line":76,"column":8},"end":{"line":82,"column":9}},"type":"if","locations":[{"start":{"line":76,"column":8},"end":{"line":82,"column":9}},{"start":{},"end":{}}],"line":76},"5":{"loc":{"start":{"line":78,"column":10},"end":{"line":81,"column":11}},"type":"if","locations":[{"start":{"line":78,"column":10},"end":{"line":81,"column":11}},{"start":{},"end":{}}],"line":78},"6":{"loc":{"start":{"line":79,"column":28},"end":{"line":79,"column":63}},"type":"binary-expr","locations":[{"start":{"line":79,"column":28},"end":{"line":79,"column":58}},{"start":{"line":79,"column":62},"end":{"line":79,"column":63}}],"line":79},"7":{"loc":{"start":{"line":80,"column":25},"end":{"line":80,"column":55}},"type":"binary-expr","locations":[{"start":{"line":80,"column":25},"end":{"line":80,"column":49}},{"start":{"line":80,"column":53},"end":{"line":80,"column":55}}],"line":80},"8":{"loc":{"start":{"line":90,"column":4},"end":{"line":94,"column":5}},"type":"if","locations":[{"start":{"line":90,"column":4},"end":{"line":94,"column":5}},{"start":{},"end":{}}],"line":90},"9":{"loc":{"start":{"line":95,"column":4},"end":{"line":99,"column":5}},"type":"if","locations":[{"start":{"line":95,"column":4},"end":{"line":99,"column":5}},{"start":{},"end":{}}],"line":95},"10":{"loc":{"start":{"line":101,"column":4},"end":{"line":167,"column":5}},"type":"if","locations":[{"start":{"line":101,"column":4},"end":{"line":167,"column":5}},{"start":{"line":133,"column":11},"end":{"line":167,"column":5}}],"line":101},"11":{"loc":{"start":{"line":110,"column":33},"end":{"line":110,"column":93}},"type":"binary-expr","locations":[{"start":{"line":110,"column":33},"end":{"line":110,"column":87}},{"start":{"line":110,"column":91},"end":{"line":110,"column":93}}],"line":110},"12":{"loc":{"start":{"line":139,"column":10},"end":{"line":139,"column":61}},"type":"if","locations":[{"start":{"line":139,"column":10},"end":{"line":139,"column":61}},{"start":{},"end":{}}],"line":139},"13":{"loc":{"start":{"line":141,"column":33},"end":{"line":141,"column":68}},"type":"binary-expr","locations":[{"start":{"line":141,"column":33},"end":{"line":141,"column":63}},{"start":{"line":141,"column":67},"end":{"line":141,"column":68}}],"line":141},"14":{"loc":{"start":{"line":142,"column":35},"end":{"line":142,"column":65}},"type":"binary-expr","locations":[{"start":{"line":142,"column":35},"end":{"line":142,"column":59}},{"start":{"line":142,"column":63},"end":{"line":142,"column":65}}],"line":142},"15":{"loc":{"start":{"line":144,"column":10},"end":{"line":144,"column":70}},"type":"if","locations":[{"start":{"line":144,"column":10},"end":{"line":144,"column":70}},{"start":{},"end":{}}],"line":144},"16":{"loc":{"start":{"line":145,"column":10},"end":{"line":145,"column":72}},"type":"if","locations":[{"start":{"line":145,"column":10},"end":{"line":145,"column":72}},{"start":{},"end":{}}],"line":145},"17":{"loc":{"start":{"line":173,"column":50},"end":{"line":173,"column":76}},"type":"cond-expr","locations":[{"start":{"line":173,"column":65},"end":{"line":173,"column":71}},{"start":{"line":173,"column":74},"end":{"line":173,"column":76}}],"line":173},"18":{"loc":{"start":{"line":182,"column":13},"end":{"line":182,"column":48}},"type":"cond-expr","locations":[{"start":{"line":182,"column":25},"end":{"line":182,"column":38}},{"start":{"line":182,"column":41},"end":{"line":182,"column":48}}],"line":182},"19":{"loc":{"start":{"line":192,"column":7},"end":{"line":192,"column":60}},"type":"binary-expr","locations":[{"start":{"line":192,"column":7},"end":{"line":192,"column":12}},{"start":{"line":192,"column":16},"end":{"line":192,"column":60}}],"line":192},"20":{"loc":{"start":{"line":193,"column":7},"end":{"line":193,"column":80}},"type":"binary-expr","locations":[{"start":{"line":193,"column":7},"end":{"line":193,"column":21}},{"start":{"line":193,"column":25},"end":{"line":193,"column":80}}],"line":193},"21":{"loc":{"start":{"line":205,"column":15},"end":{"line":205,"column":60}},"type":"cond-expr","locations":[{"start":{"line":205,"column":36},"end":{"line":205,"column":47}},{"start":{"line":205,"column":50},"end":{"line":205,"column":60}}],"line":205}},"s":{"0":1,"1":1,"2":9,"3":9,"4":9,"5":9,"6":9,"7":9,"8":9,"9":9,"10":9,"11":9,"12":9,"13":9,"14":1,"15":1,"16":1,"17":9,"18":4,"19":4,"20":4,"21":4,"22":4,"23":4,"24":9,"25":2,"26":1,"27":1,"28":2,"29":9,"30":7,"31":7,"32":0,"33":0,"34":0,"35":7,"36":7,"37":0,"38":0,"39":0,"40":0,"41":7,"42":9,"43":1,"44":1,"45":1,"46":1,"47":0,"48":0,"49":0,"50":0,"51":0,"52":0,"53":0,"54":0,"55":0,"56":0,"57":0,"58":0,"59":0,"60":0,"61":0,"62":0,"63":0,"64":0,"65":0,"66":0,"67":0,"68":0,"69":0,"70":0,"71":0,"72":0,"73":0,"74":0,"75":0,"76":0,"77":0,"78":0,"79":0,"80":0,"81":0,"82":0,"83":0,"84":0,"85":0,"86":0,"87":0,"88":0,"89":0,"90":0,"91":0,"92":0,"93":0,"94":0,"95":9,"96":72,"97":72,"98":9,"99":72,"100":1},"f":{"0":9,"1":1,"2":4,"3":4,"4":2,"5":7,"6":7,"7":1,"8":0,"9":0,"10":0,"11":72,"12":72,"13":1},"b":{"0":[1,1],"1":[0,7],"2":[0,0],"3":[0,0],"4":[0,7],"5":[0,0],"6":[0,0],"7":[0,0],"8":[1,0],"9":[0,0],"10":[0,0],"11":[0,0],"12":[0,0],"13":[0,0],"14":[0,0],"15":[0,0],"16":[0,0],"17":[72,0],"18":[7,2],"19":[9,2],"20":[9,0],"21":[0,72]},"_coverageSchema":"1a1c01bbd47fc00a2c39e90264f33305004495a9","hash":"821ab4527ea51412d3e2b9b570f2a2182443155e"}
,"/Users/silas_green/CS482-Triangle-Project-GoFish-2/go-fish/src/components/Home/Support/Support.jsx": {"path":"/Users/silas_green/CS482-Triangle-Project-GoFish-2/go-fish/src/components/Home/Support/Support.jsx","statementMap":{"0":{"start":{"line":7,"column":16},"end":{"line":56,"column":1}},"1":{"start":{"line":8,"column":34},"end":{"line":8,"column":46}},"2":{"start":{"line":9,"column":52},"end":{"line":9,"column":67}},"3":{"start":{"line":11,"column":25},"end":{"line":33,"column":5}},"4":{"start":{"line":12,"column":8},"end":{"line":12,"column":27}},"5":{"start":{"line":13,"column":8},"end":{"line":13,"column":36}},"6":{"start":{"line":13,"column":29},"end":{"line":13,"column":36}},"7":{"start":{"line":15,"column":8},"end":{"line":32,"column":9}},"8":{"start":{"line":16,"column":27},"end":{"line":16,"column":76}},"9":{"start":{"line":17,"column":12},"end":{"line":21,"column":15}},"10":{"start":{"line":22,"column":12},"end":{"line":22,"column":27}},"11":{"start":{"line":23,"column":12},"end":{"line":23,"column":38}},"12":{"start":{"line":26,"column":12},"end":{"line":29,"column":21}},"13":{"start":{"line":27,"column":16},"end":{"line":27,"column":43}},"14":{"start":{"line":28,"column":16},"end":{"line":28,"column":26}},"15":{"start":{"line":31,"column":12},"end":{"line":31,"column":60}},"16":{"start":{"line":35,"column":4},"end":{"line":55,"column":6}},"17":{"start":{"line":45,"column":41},"end":{"line":45,"column":67}}},"fnMap":{"0":{"name":"(anonymous_0)","decl":{"start":{"line":7,"column":16},"end":{"line":7,"column":17}},"loc":{"start":{"line":7,"column":33},"end":{"line":56,"column":1}},"line":7},"1":{"name":"(anonymous_1)","decl":{"start":{"line":11,"column":25},"end":{"line":11,"column":26}},"loc":{"start":{"line":11,"column":38},"end":{"line":33,"column":5}},"line":11},"2":{"name":"(anonymous_2)","decl":{"start":{"line":26,"column":23},"end":{"line":26,"column":24}},"loc":{"start":{"line":26,"column":29},"end":{"line":29,"column":13}},"line":26},"3":{"name":"(anonymous_3)","decl":{"start":{"line":45,"column":34},"end":{"line":45,"column":35}},"loc":{"start":{"line":45,"column":41},"end":{"line":45,"column":67}},"line":45}},"branchMap":{"0":{"loc":{"start":{"line":13,"column":8},"end":{"line":13,"column":36}},"type":"if","locations":[{"start":{"line":13,"column":8},"end":{"line":13,"column":36}},{"start":{},"end":{}}],"line":13},"1":{"loc":{"start":{"line":16,"column":27},"end":{"line":16,"column":76}},"type":"cond-expr","locations":[{"start":{"line":16,"column":46},"end":{"line":16,"column":66}},{"start":{"line":16,"column":69},"end":{"line":16,"column":76}}],"line":16},"2":{"loc":{"start":{"line":37,"column":13},"end":{"line":39,"column":13}},"type":"binary-expr","locations":[{"start":{"line":37,"column":13},"end":{"line":37,"column":29}},{"start":{"line":38,"column":16},"end":{"line":38,"column":123}}],"line":37}},"s":{"0":1,"1":8,"2":8,"3":8,"4":3,"5":3,"6":1,"7":2,"8":2,"9":2,"10":1,"11":1,"12":1,"13":0,"14":0,"15":1,"16":8,"17":2},"f":{"0":8,"1":3,"2":0,"3":2},"b":{"0":[1,2],"1":[2,0],"2":[8,1]},"_coverageSchema":"1a1c01bbd47fc00a2c39e90264f33305004495a9","hash":"64d67c72f6d7e6c43ee08d288daf96f665d39375"}
}
