{"/Users/silas_green/CS482-Triangle-Project-GoFish/go-fish/src/components/App.jsx": {"path":"/Users/silas_green/CS482-Triangle-Project-GoFish/go-fish/src/components/App.jsx","statementMap":{"0":{"start":{"line":6,"column":19},"end":{"line":6,"column":32}},"1":{"start":{"line":8,"column":2},"end":{"line":42,"column":4}},"2":{"start":{"line":23,"column":53},"end":{"line":23,"column":71}},"3":{"start":{"line":26,"column":54},"end":{"line":26,"column":73}},"4":{"start":{"line":29,"column":53},"end":{"line":29,"column":71}}},"fnMap":{"0":{"name":"App","decl":{"start":{"line":5,"column":9},"end":{"line":5,"column":12}},"loc":{"start":{"line":5,"column":15},"end":{"line":43,"column":1}},"line":5},"1":{"name":"(anonymous_1)","decl":{"start":{"line":23,"column":47},"end":{"line":23,"column":48}},"loc":{"start":{"line":23,"column":53},"end":{"line":23,"column":71}},"line":23},"2":{"name":"(anonymous_2)","decl":{"start":{"line":26,"column":48},"end":{"line":26,"column":49}},"loc":{"start":{"line":26,"column":54},"end":{"line":26,"column":73}},"line":26},"3":{"name":"(anonymous_3)","decl":{"start":{"line":29,"column":47},"end":{"line":29,"column":48}},"loc":{"start":{"line":29,"column":53},"end":{"line":29,"column":71}},"line":29}},"branchMap":{},"s":{"0":1,"1":1,"2":0,"3":0,"4":0},"f":{"0":1,"1":0,"2":0,"3":0},"b":{},"_coverageSchema":"1a1c01bbd47fc00a2c39e90264f33305004495a9","hash":"67f841ef80597ddef0f327611bcd96460e62e2cd"}
,"/Users/silas_green/CS482-Triangle-Project-GoFish/go-fish/src/components/Home/Home.jsx": {"path":"/Users/silas_green/CS482-Triangle-Project-GoFish/go-fish/src/components/Home/Home.jsx","statementMap":{"0":{"start":{"line":9,"column":13},"end":{"line":158,"column":1}},"1":{"start":{"line":10,"column":40},"end":{"line":10,"column":55}},"2":{"start":{"line":11,"column":34},"end":{"line":11,"column":46}},"3":{"start":{"line":12,"column":42},"end":{"line":12,"column":57}},"4":{"start":{"line":13,"column":50},"end":{"line":13,"column":65}},"5":{"start":{"line":14,"column":50},"end":{"line":14,"column":64}},"6":{"start":{"line":15,"column":19},"end":{"line":15,"column":32}},"7":{"start":{"line":16,"column":19},"end":{"line":16,"column":51}},"8":{"start":{"line":17,"column":2},"end":{"line":48,"column":17}},"9":{"start":{"line":18,"column":20},"end":{"line":18,"column":60}},"10":{"start":{"line":19,"column":4},"end":{"line":22,"column":5}},"11":{"start":{"line":20,"column":6},"end":{"line":20,"column":35}},"12":{"start":{"line":21,"column":6},"end":{"line":21,"column":50}},"13":{"start":{"line":23,"column":26},"end":{"line":45,"column":5}},"14":{"start":{"line":24,"column":6},"end":{"line":44,"column":7}},"15":{"start":{"line":25,"column":30},"end":{"line":25,"column":62}},"16":{"start":{"line":26,"column":26},"end":{"line":26,"column":54}},"17":{"start":{"line":27,"column":24},"end":{"line":27,"column":55}},"18":{"start":{"line":28,"column":30},"end":{"line":28,"column":84}},"19":{"start":{"line":30,"column":8},"end":{"line":35,"column":11}},"20":{"start":{"line":37,"column":23},"end":{"line":37,"column":45}},"21":{"start":{"line":38,"column":8},"end":{"line":43,"column":9}},"22":{"start":{"line":39,"column":26},"end":{"line":39,"column":64}},"23":{"start":{"line":40,"column":10},"end":{"line":42,"column":11}},"24":{"start":{"line":41,"column":12},"end":{"line":41,"column":40}},"25":{"start":{"line":47,"column":4},"end":{"line":47,"column":20}},"26":{"start":{"line":49,"column":25},"end":{"line":53,"column":3}},"27":{"start":{"line":50,"column":4},"end":{"line":50,"column":19}},"28":{"start":{"line":51,"column":4},"end":{"line":51,"column":27}},"29":{"start":{"line":52,"column":4},"end":{"line":52,"column":31}},"30":{"start":{"line":54,"column":23},"end":{"line":68,"column":3}},"31":{"start":{"line":55,"column":4},"end":{"line":67,"column":5}},"32":{"start":{"line":56,"column":6},"end":{"line":62,"column":7}},"33":{"start":{"line":57,"column":24},"end":{"line":57,"column":55}},"34":{"start":{"line":58,"column":8},"end":{"line":60,"column":9}},"35":{"start":{"line":59,"column":10},"end":{"line":59,"column":54}},"36":{"start":{"line":61,"column":8},"end":{"line":61,"column":29}},"37":{"start":{"line":63,"column":6},"end":{"line":63,"column":26}},"38":{"start":{"line":64,"column":6},"end":{"line":64,"column":20}},"39":{"start":{"line":66,"column":6},"end":{"line":66,"column":46}},"40":{"start":{"line":69,"column":24},"end":{"line":71,"column":3}},"41":{"start":{"line":70,"column":4},"end":{"line":70,"column":33}},"42":{"start":{"line":72,"column":25},"end":{"line":87,"column":3}},"43":{"start":{"line":73,"column":4},"end":{"line":86,"column":5}},"44":{"start":{"line":75,"column":8},"end":{"line":75,"column":69}},"45":{"start":{"line":77,"column":8},"end":{"line":77,"column":71}},"46":{"start":{"line":79,"column":8},"end":{"line":79,"column":69}},"47":{"start":{"line":81,"column":8},"end":{"line":81,"column":69}},"48":{"start":{"line":83,"column":8},"end":{"line":83,"column":70}},"49":{"start":{"line":85,"column":8},"end":{"line":85,"column":71}},"50":{"start":{"line":88,"column":2},"end":{"line":99,"column":9}},"51":{"start":{"line":89,"column":31},"end":{"line":94,"column":5}},"52":{"start":{"line":90,"column":6},"end":{"line":93,"column":7}},"53":{"start":{"line":91,"column":8},"end":{"line":91,"column":31}},"54":{"start":{"line":92,"column":8},"end":{"line":92,"column":35}},"55":{"start":{"line":95,"column":4},"end":{"line":95,"column":59}},"56":{"start":{"line":96,"column":4},"end":{"line":98,"column":6}},"57":{"start":{"line":97,"column":6},"end":{"line":97,"column":64}},"58":{"start":{"line":100,"column":2},"end":{"line":157,"column":4}},"59":{"start":{"line":118,"column":60},"end":{"line":118,"column":86}},"60":{"start":{"line":119,"column":60},"end":{"line":119,"column":87}},"61":{"start":{"line":120,"column":60},"end":{"line":120,"column":83}},"62":{"start":{"line":123,"column":50},"end":{"line":123,"column":71}},"63":{"start":{"line":132,"column":79},"end":{"line":132,"column":109}},"64":{"start":{"line":137,"column":39},"end":{"line":137,"column":71}},"65":{"start":{"line":138,"column":39},"end":{"line":138,"column":72}},"66":{"start":{"line":143,"column":77},"end":{"line":143,"column":115}},"67":{"start":{"line":148,"column":39},"end":{"line":148,"column":69}},"68":{"start":{"line":149,"column":39},"end":{"line":149,"column":70}},"69":{"start":{"line":153,"column":57},"end":{"line":153,"column":84}}},"fnMap":{"0":{"name":"(anonymous_0)","decl":{"start":{"line":9,"column":13},"end":{"line":9,"column":14}},"loc":{"start":{"line":9,"column":19},"end":{"line":158,"column":1}},"line":9},"1":{"name":"(anonymous_1)","decl":{"start":{"line":17,"column":12},"end":{"line":17,"column":13}},"loc":{"start":{"line":17,"column":18},"end":{"line":48,"column":3}},"line":17},"2":{"name":"(anonymous_2)","decl":{"start":{"line":23,"column":26},"end":{"line":23,"column":27}},"loc":{"start":{"line":23,"column":38},"end":{"line":45,"column":5}},"line":23},"3":{"name":"(anonymous_3)","decl":{"start":{"line":49,"column":25},"end":{"line":49,"column":26}},"loc":{"start":{"line":49,"column":35},"end":{"line":53,"column":3}},"line":49},"4":{"name":"(anonymous_4)","decl":{"start":{"line":54,"column":23},"end":{"line":54,"column":24}},"loc":{"start":{"line":54,"column":35},"end":{"line":68,"column":3}},"line":54},"5":{"name":"(anonymous_5)","decl":{"start":{"line":69,"column":24},"end":{"line":69,"column":25}},"loc":{"start":{"line":69,"column":30},"end":{"line":71,"column":3}},"line":69},"6":{"name":"(anonymous_6)","decl":{"start":{"line":72,"column":25},"end":{"line":72,"column":26}},"loc":{"start":{"line":72,"column":31},"end":{"line":87,"column":3}},"line":72},"7":{"name":"(anonymous_7)","decl":{"start":{"line":88,"column":12},"end":{"line":88,"column":13}},"loc":{"start":{"line":88,"column":18},"end":{"line":99,"column":3}},"line":88},"8":{"name":"(anonymous_8)","decl":{"start":{"line":89,"column":31},"end":{"line":89,"column":32}},"loc":{"start":{"line":89,"column":42},"end":{"line":94,"column":5}},"line":89},"9":{"name":"(anonymous_9)","decl":{"start":{"line":96,"column":11},"end":{"line":96,"column":12}},"loc":{"start":{"line":96,"column":17},"end":{"line":98,"column":5}},"line":96},"10":{"name":"(anonymous_10)","decl":{"start":{"line":118,"column":54},"end":{"line":118,"column":55}},"loc":{"start":{"line":118,"column":60},"end":{"line":118,"column":86}},"line":118},"11":{"name":"(anonymous_11)","decl":{"start":{"line":119,"column":54},"end":{"line":119,"column":55}},"loc":{"start":{"line":119,"column":60},"end":{"line":119,"column":87}},"line":119},"12":{"name":"(anonymous_12)","decl":{"start":{"line":120,"column":54},"end":{"line":120,"column":55}},"loc":{"start":{"line":120,"column":60},"end":{"line":120,"column":83}},"line":120},"13":{"name":"(anonymous_13)","decl":{"start":{"line":123,"column":44},"end":{"line":123,"column":45}},"loc":{"start":{"line":123,"column":50},"end":{"line":123,"column":71}},"line":123},"14":{"name":"(anonymous_14)","decl":{"start":{"line":132,"column":73},"end":{"line":132,"column":74}},"loc":{"start":{"line":132,"column":79},"end":{"line":132,"column":109}},"line":132},"15":{"name":"(anonymous_15)","decl":{"start":{"line":137,"column":33},"end":{"line":137,"column":34}},"loc":{"start":{"line":137,"column":39},"end":{"line":137,"column":71}},"line":137},"16":{"name":"(anonymous_16)","decl":{"start":{"line":138,"column":33},"end":{"line":138,"column":34}},"loc":{"start":{"line":138,"column":39},"end":{"line":138,"column":72}},"line":138},"17":{"name":"(anonymous_17)","decl":{"start":{"line":143,"column":71},"end":{"line":143,"column":72}},"loc":{"start":{"line":143,"column":77},"end":{"line":143,"column":115}},"line":143},"18":{"name":"(anonymous_18)","decl":{"start":{"line":148,"column":33},"end":{"line":148,"column":34}},"loc":{"start":{"line":148,"column":39},"end":{"line":148,"column":69}},"line":148},"19":{"name":"(anonymous_19)","decl":{"start":{"line":149,"column":33},"end":{"line":149,"column":34}},"loc":{"start":{"line":149,"column":39},"end":{"line":149,"column":70}},"line":149},"20":{"name":"(anonymous_20)","decl":{"start":{"line":153,"column":51},"end":{"line":153,"column":52}},"loc":{"start":{"line":153,"column":57},"end":{"line":153,"column":84}},"line":153}},"branchMap":{"0":{"loc":{"start":{"line":19,"column":4},"end":{"line":22,"column":5}},"type":"if","locations":[{"start":{"line":19,"column":4},"end":{"line":22,"column":5}},{"start":{},"end":{}}],"line":19},"1":{"loc":{"start":{"line":24,"column":6},"end":{"line":44,"column":7}},"type":"if","locations":[{"start":{"line":24,"column":6},"end":{"line":44,"column":7}},{"start":{"line":36,"column":13},"end":{"line":44,"column":7}}],"line":24},"2":{"loc":{"start":{"line":28,"column":30},"end":{"line":28,"column":84}},"type":"binary-expr","locations":[{"start":{"line":28,"column":30},"end":{"line":28,"column":77}},{"start":{"line":28,"column":81},"end":{"line":28,"column":84}}],"line":28},"3":{"loc":{"start":{"line":38,"column":8},"end":{"line":43,"column":9}},"type":"if","locations":[{"start":{"line":38,"column":8},"end":{"line":43,"column":9}},{"start":{},"end":{}}],"line":38},"4":{"loc":{"start":{"line":40,"column":10},"end":{"line":42,"column":11}},"type":"if","locations":[{"start":{"line":40,"column":10},"end":{"line":42,"column":11}},{"start":{},"end":{}}],"line":40},"5":{"loc":{"start":{"line":56,"column":6},"end":{"line":62,"column":7}},"type":"if","locations":[{"start":{"line":56,"column":6},"end":{"line":62,"column":7}},{"start":{},"end":{}}],"line":56},"6":{"loc":{"start":{"line":58,"column":8},"end":{"line":60,"column":9}},"type":"if","locations":[{"start":{"line":58,"column":8},"end":{"line":60,"column":9}},{"start":{},"end":{}}],"line":58},"7":{"loc":{"start":{"line":73,"column":4},"end":{"line":86,"column":5}},"type":"switch","locations":[{"start":{"line":74,"column":6},"end":{"line":75,"column":69}},{"start":{"line":76,"column":6},"end":{"line":77,"column":71}},{"start":{"line":78,"column":6},"end":{"line":79,"column":69}},{"start":{"line":80,"column":6},"end":{"line":81,"column":69}},{"start":{"line":82,"column":6},"end":{"line":83,"column":70}},{"start":{"line":84,"column":6},"end":{"line":85,"column":71}}],"line":73},"8":{"loc":{"start":{"line":90,"column":6},"end":{"line":93,"column":7}},"type":"if","locations":[{"start":{"line":90,"column":6},"end":{"line":93,"column":7}},{"start":{},"end":{}}],"line":90},"9":{"loc":{"start":{"line":90,"column":10},"end":{"line":90,"column":87}},"type":"binary-expr","locations":[{"start":{"line":90,"column":10},"end":{"line":90,"column":44}},{"start":{"line":90,"column":48},"end":{"line":90,"column":87}}],"line":90},"10":{"loc":{"start":{"line":102,"column":7},"end":{"line":106,"column":7}},"type":"binary-expr","locations":[{"start":{"line":102,"column":7},"end":{"line":102,"column":23}},{"start":{"line":103,"column":8},"end":{"line":105,"column":14}}],"line":102},"11":{"loc":{"start":{"line":123,"column":11},"end":{"line":123,"column":75}},"type":"binary-expr","locations":[{"start":{"line":123,"column":11},"end":{"line":123,"column":22}},{"start":{"line":123,"column":26},"end":{"line":123,"column":75}}],"line":123},"12":{"loc":{"start":{"line":135,"column":13},"end":{"line":140,"column":13}},"type":"binary-expr","locations":[{"start":{"line":135,"column":13},"end":{"line":135,"column":25}},{"start":{"line":136,"column":14},"end":{"line":139,"column":20}}],"line":135},"13":{"loc":{"start":{"line":146,"column":13},"end":{"line":151,"column":13}},"type":"binary-expr","locations":[{"start":{"line":146,"column":13},"end":{"line":146,"column":29}},{"start":{"line":147,"column":14},"end":{"line":150,"column":20}}],"line":146}},"s":{"0":1,"1":21,"2":20,"3":20,"4":20,"5":20,"6":20,"7":20,"8":20,"9":9,"10":9,"11":1,"12":1,"13":9,"14":9,"15":2,"16":2,"17":2,"18":2,"19":2,"20":7,"21":7,"22":7,"23":7,"24":7,"25":9,"26":20,"27":3,"28":3,"29":3,"30":20,"31":1,"32":1,"33":1,"34":1,"35":1,"36":1,"37":1,"38":1,"39":0,"40":20,"41":1,"42":20,"43":20,"44":1,"45":0,"46":1,"47":0,"48":0,"49":18,"50":20,"51":9,"52":10,"53":7,"54":7,"55":9,"56":9,"57":9,"58":20,"59":1,"60":1,"61":1,"62":1,"63":2,"64":0,"65":0,"66":1,"67":0,"68":0,"69":0},"f":{"0":21,"1":9,"2":9,"3":3,"4":1,"5":1,"6":20,"7":9,"8":10,"9":9,"10":1,"11":1,"12":1,"13":1,"14":2,"15":0,"16":0,"17":1,"18":0,"19":0,"20":0},"b":{"0":[1,8],"1":[2,7],"2":[2,2],"3":[7,0],"4":[7,0],"5":[1,0],"6":[1,0],"7":[1,0,1,0,0,18],"8":[7,3],"9":[10,8],"10":[20,1],"11":[20,1],"12":[20,2],"13":[20,1]},"_coverageSchema":"1a1c01bbd47fc00a2c39e90264f33305004495a9","hash":"fd4c0c493f8b5800ff024c82faa103a2dc6940d9"}
,"/Users/silas_green/CS482-Triangle-Project-GoFish/go-fish/src/components/Home/Join/JoinPrivate.jsx": {"path":"/Users/silas_green/CS482-Triangle-Project-GoFish/go-fish/src/components/Home/Join/JoinPrivate.jsx","statementMap":{"0":{"start":{"line":8,"column":23},"end":{"line":17,"column":1}},"1":{"start":{"line":9,"column":2},"end":{"line":16,"column":3}},"2":{"start":{"line":10,"column":16},"end":{"line":10,"column":53}},"3":{"start":{"line":11,"column":18},"end":{"line":11,"column":57}},"4":{"start":{"line":12,"column":16},"end":{"line":12,"column":53}},"5":{"start":{"line":13,"column":16},"end":{"line":13,"column":53}},"6":{"start":{"line":14,"column":17},"end":{"line":14,"column":55}},"7":{"start":{"line":15,"column":13},"end":{"line":15,"column":51}},"8":{"start":{"line":19,"column":20},"end":{"line":107,"column":1}},"9":{"start":{"line":20,"column":36},"end":{"line":20,"column":48}},"10":{"start":{"line":21,"column":42},"end":{"line":21,"column":56}},"11":{"start":{"line":22,"column":42},"end":{"line":22,"column":54}},"12":{"start":{"line":23,"column":19},"end":{"line":23,"column":32}},"13":{"start":{"line":25,"column":26},"end":{"line":53,"column":3}},"14":{"start":{"line":26,"column":4},"end":{"line":26,"column":24}},"15":{"start":{"line":28,"column":4},"end":{"line":31,"column":5}},"16":{"start":{"line":29,"column":6},"end":{"line":29,"column":52}},"17":{"start":{"line":30,"column":6},"end":{"line":30,"column":13}},"18":{"start":{"line":33,"column":4},"end":{"line":52,"column":5}},"19":{"start":{"line":34,"column":25},"end":{"line":34,"column":50}},"20":{"start":{"line":35,"column":16},"end":{"line":40,"column":7}},"21":{"start":{"line":41,"column":28},"end":{"line":41,"column":44}},"22":{"start":{"line":43,"column":6},"end":{"line":48,"column":7}},"23":{"start":{"line":44,"column":8},"end":{"line":44,"column":59}},"24":{"start":{"line":46,"column":25},"end":{"line":46,"column":46}},"25":{"start":{"line":47,"column":8},"end":{"line":47,"column":65}},"26":{"start":{"line":50,"column":6},"end":{"line":50,"column":51}},"27":{"start":{"line":51,"column":6},"end":{"line":51,"column":75}},"28":{"start":{"line":55,"column":20},"end":{"line":57,"column":3}},"29":{"start":{"line":56,"column":4},"end":{"line":56,"column":42}},"30":{"start":{"line":59,"column":21},"end":{"line":63,"column":3}},"31":{"start":{"line":60,"column":4},"end":{"line":60,"column":26}},"32":{"start":{"line":61,"column":4},"end":{"line":61,"column":21}},"33":{"start":{"line":62,"column":4},"end":{"line":62,"column":24}},"34":{"start":{"line":65,"column":2},"end":{"line":106,"column":4}},"35":{"start":{"line":77,"column":16},"end":{"line":79,"column":21}},"36":{"start":{"line":96,"column":29},"end":{"line":96,"column":57}},"37":{"start":{"line":102,"column":57},"end":{"line":102,"column":69}}},"fnMap":{"0":{"name":"(anonymous_0)","decl":{"start":{"line":8,"column":23},"end":{"line":8,"column":24}},"loc":{"start":{"line":8,"column":33},"end":{"line":17,"column":1}},"line":8},"1":{"name":"(anonymous_1)","decl":{"start":{"line":19,"column":20},"end":{"line":19,"column":21}},"loc":{"start":{"line":19,"column":26},"end":{"line":107,"column":1}},"line":19},"2":{"name":"(anonymous_2)","decl":{"start":{"line":25,"column":26},"end":{"line":25,"column":27}},"loc":{"start":{"line":25,"column":38},"end":{"line":53,"column":3}},"line":25},"3":{"name":"(anonymous_3)","decl":{"start":{"line":55,"column":20},"end":{"line":55,"column":21}},"loc":{"start":{"line":55,"column":26},"end":{"line":57,"column":3}},"line":55},"4":{"name":"(anonymous_4)","decl":{"start":{"line":59,"column":21},"end":{"line":59,"column":22}},"loc":{"start":{"line":59,"column":27},"end":{"line":63,"column":3}},"line":59},"5":{"name":"(anonymous_5)","decl":{"start":{"line":76,"column":40},"end":{"line":76,"column":41}},"loc":{"start":{"line":77,"column":16},"end":{"line":79,"column":21}},"line":77},"6":{"name":"(anonymous_6)","decl":{"start":{"line":96,"column":22},"end":{"line":96,"column":23}},"loc":{"start":{"line":96,"column":29},"end":{"line":96,"column":57}},"line":96},"7":{"name":"(anonymous_7)","decl":{"start":{"line":102,"column":51},"end":{"line":102,"column":52}},"loc":{"start":{"line":102,"column":57},"end":{"line":102,"column":69}},"line":102}},"branchMap":{"0":{"loc":{"start":{"line":9,"column":2},"end":{"line":16,"column":3}},"type":"switch","locations":[{"start":{"line":10,"column":4},"end":{"line":10,"column":53}},{"start":{"line":11,"column":4},"end":{"line":11,"column":57}},{"start":{"line":12,"column":4},"end":{"line":12,"column":53}},{"start":{"line":13,"column":4},"end":{"line":13,"column":53}},{"start":{"line":14,"column":4},"end":{"line":14,"column":55}},{"start":{"line":15,"column":4},"end":{"line":15,"column":51}}],"line":9},"1":{"loc":{"start":{"line":28,"column":4},"end":{"line":31,"column":5}},"type":"if","locations":[{"start":{"line":28,"column":4},"end":{"line":31,"column":5}},{"start":{},"end":{}}],"line":28},"2":{"loc":{"start":{"line":43,"column":6},"end":{"line":48,"column":7}},"type":"if","locations":[{"start":{"line":43,"column":6},"end":{"line":48,"column":7}},{"start":{"line":45,"column":13},"end":{"line":48,"column":7}}],"line":43},"3":{"loc":{"start":{"line":67,"column":7},"end":{"line":104,"column":7}},"type":"cond-expr","locations":[{"start":{"line":68,"column":8},"end":{"line":87,"column":14}},{"start":{"line":89,"column":8},"end":{"line":103,"column":14}}],"line":67},"4":{"loc":{"start":{"line":73,"column":42},"end":{"line":73,"column":85}},"type":"cond-expr","locations":[{"start":{"line":73,"column":63},"end":{"line":73,"column":72}},{"start":{"line":73,"column":75},"end":{"line":73,"column":85}}],"line":73},"5":{"loc":{"start":{"line":101,"column":11},"end":{"line":101,"column":74}},"type":"binary-expr","locations":[{"start":{"line":101,"column":11},"end":{"line":101,"column":23}},{"start":{"line":101,"column":27},"end":{"line":101,"column":74}}],"line":101}},"s":{"0":2,"1":2,"2":1,"3":0,"4":1,"5":0,"6":0,"7":0,"8":2,"9":20,"10":20,"11":20,"12":20,"13":20,"14":5,"15":5,"16":1,"17":1,"18":4,"19":4,"20":4,"21":4,"22":4,"23":1,"24":3,"25":3,"26":0,"27":0,"28":20,"29":1,"30":20,"31":1,"32":1,"33":1,"34":20,"35":2,"36":4,"37":0},"f":{"0":2,"1":20,"2":5,"3":1,"4":1,"5":2,"6":4,"7":0},"b":{"0":[1,0,1,0,0,0],"1":[1,4],"2":[1,3],"3":[3,17],"4":[1,2],"5":[17,2]},"_coverageSchema":"1a1c01bbd47fc00a2c39e90264f33305004495a9","hash":"6fb1d9ab0eb7ab604314ff4eb7174767be36e24d"}
,"/Users/silas_green/CS482-Triangle-Project-GoFish/go-fish/src/components/Home/Join/JoinPublic.jsx": {"path":"/Users/silas_green/CS482-Triangle-Project-GoFish/go-fish/src/components/Home/Join/JoinPublic.jsx","statementMap":{"0":{"start":{"line":8,"column":23},"end":{"line":17,"column":1}},"1":{"start":{"line":9,"column":2},"end":{"line":16,"column":3}},"2":{"start":{"line":10,"column":16},"end":{"line":10,"column":53}},"3":{"start":{"line":11,"column":18},"end":{"line":11,"column":57}},"4":{"start":{"line":12,"column":16},"end":{"line":12,"column":53}},"5":{"start":{"line":13,"column":16},"end":{"line":13,"column":53}},"6":{"start":{"line":14,"column":17},"end":{"line":14,"column":55}},"7":{"start":{"line":15,"column":13},"end":{"line":15,"column":51}},"8":{"start":{"line":19,"column":19},"end":{"line":92,"column":1}},"9":{"start":{"line":20,"column":50},"end":{"line":20,"column":62}},"10":{"start":{"line":21,"column":44},"end":{"line":21,"column":58}},"11":{"start":{"line":22,"column":19},"end":{"line":22,"column":32}},"12":{"start":{"line":24,"column":2},"end":{"line":40,"column":9}},"13":{"start":{"line":25,"column":25},"end":{"line":37,"column":5}},"14":{"start":{"line":26,"column":25},"end":{"line":26,"column":50}},"15":{"start":{"line":27,"column":16},"end":{"line":27,"column":70}},"16":{"start":{"line":29,"column":26},"end":{"line":34,"column":8}},"17":{"start":{"line":30,"column":24},"end":{"line":32,"column":57}},"18":{"start":{"line":31,"column":23},"end":{"line":31,"column":52}},"19":{"start":{"line":32,"column":27},"end":{"line":32,"column":56}},"20":{"start":{"line":33,"column":8},"end":{"line":33,"column":37}},"21":{"start":{"line":36,"column":6},"end":{"line":36,"column":33}},"22":{"start":{"line":36,"column":19},"end":{"line":36,"column":32}},"23":{"start":{"line":39,"column":4},"end":{"line":39,"column":19}},"24":{"start":{"line":42,"column":26},"end":{"line":44,"column":3}},"25":{"start":{"line":43,"column":4},"end":{"line":43,"column":34}},"26":{"start":{"line":46,"column":21},"end":{"line":48,"column":3}},"27":{"start":{"line":47,"column":4},"end":{"line":47,"column":17}},"28":{"start":{"line":50,"column":29},"end":{"line":52,"column":3}},"29":{"start":{"line":51,"column":4},"end":{"line":51,"column":65}},"30":{"start":{"line":54,"column":2},"end":{"line":91,"column":4}},"31":{"start":{"line":60,"column":10},"end":{"line":85,"column":16}},"32":{"start":{"line":61,"column":58},"end":{"line":61,"column":86}},"33":{"start":{"line":78,"column":20},"end":{"line":78,"column":74}},"34":{"start":{"line":81,"column":63},"end":{"line":81,"column":88}},"35":{"start":{"line":82,"column":67},"end":{"line":82,"column":91}}},"fnMap":{"0":{"name":"(anonymous_0)","decl":{"start":{"line":8,"column":23},"end":{"line":8,"column":24}},"loc":{"start":{"line":8,"column":33},"end":{"line":17,"column":1}},"line":8},"1":{"name":"(anonymous_1)","decl":{"start":{"line":19,"column":19},"end":{"line":19,"column":20}},"loc":{"start":{"line":19,"column":25},"end":{"line":92,"column":1}},"line":19},"2":{"name":"(anonymous_2)","decl":{"start":{"line":24,"column":12},"end":{"line":24,"column":13}},"loc":{"start":{"line":24,"column":18},"end":{"line":40,"column":3}},"line":24},"3":{"name":"(anonymous_3)","decl":{"start":{"line":25,"column":25},"end":{"line":25,"column":26}},"loc":{"start":{"line":25,"column":31},"end":{"line":37,"column":5}},"line":25},"4":{"name":"(anonymous_4)","decl":{"start":{"line":29,"column":40},"end":{"line":29,"column":41}},"loc":{"start":{"line":29,"column":54},"end":{"line":34,"column":7}},"line":29},"5":{"name":"(anonymous_5)","decl":{"start":{"line":31,"column":15},"end":{"line":31,"column":16}},"loc":{"start":{"line":31,"column":23},"end":{"line":31,"column":52}},"line":31},"6":{"name":"(anonymous_6)","decl":{"start":{"line":32,"column":18},"end":{"line":32,"column":19}},"loc":{"start":{"line":32,"column":27},"end":{"line":32,"column":56}},"line":32},"7":{"name":"(anonymous_7)","decl":{"start":{"line":36,"column":13},"end":{"line":36,"column":14}},"loc":{"start":{"line":36,"column":19},"end":{"line":36,"column":32}},"line":36},"8":{"name":"(anonymous_8)","decl":{"start":{"line":42,"column":26},"end":{"line":42,"column":27}},"loc":{"start":{"line":42,"column":39},"end":{"line":44,"column":3}},"line":42},"9":{"name":"(anonymous_9)","decl":{"start":{"line":46,"column":21},"end":{"line":46,"column":22}},"loc":{"start":{"line":46,"column":27},"end":{"line":48,"column":3}},"line":46},"10":{"name":"(anonymous_10)","decl":{"start":{"line":50,"column":29},"end":{"line":50,"column":30}},"loc":{"start":{"line":50,"column":42},"end":{"line":52,"column":3}},"line":50},"11":{"name":"(anonymous_11)","decl":{"start":{"line":59,"column":29},"end":{"line":59,"column":30}},"loc":{"start":{"line":60,"column":10},"end":{"line":85,"column":16}},"line":60},"12":{"name":"(anonymous_12)","decl":{"start":{"line":61,"column":52},"end":{"line":61,"column":53}},"loc":{"start":{"line":61,"column":58},"end":{"line":61,"column":86}},"line":61},"13":{"name":"(anonymous_13)","decl":{"start":{"line":77,"column":37},"end":{"line":77,"column":38}},"loc":{"start":{"line":78,"column":20},"end":{"line":78,"column":74}},"line":78},"14":{"name":"(anonymous_14)","decl":{"start":{"line":81,"column":57},"end":{"line":81,"column":58}},"loc":{"start":{"line":81,"column":63},"end":{"line":81,"column":88}},"line":81},"15":{"name":"(anonymous_15)","decl":{"start":{"line":82,"column":61},"end":{"line":82,"column":62}},"loc":{"start":{"line":82,"column":67},"end":{"line":82,"column":91}},"line":82}},"branchMap":{"0":{"loc":{"start":{"line":9,"column":2},"end":{"line":16,"column":3}},"type":"switch","locations":[{"start":{"line":10,"column":4},"end":{"line":10,"column":53}},{"start":{"line":11,"column":4},"end":{"line":11,"column":57}},{"start":{"line":12,"column":4},"end":{"line":12,"column":53}},{"start":{"line":13,"column":4},"end":{"line":13,"column":53}},{"start":{"line":14,"column":4},"end":{"line":14,"column":55}},{"start":{"line":15,"column":4},"end":{"line":15,"column":51}}],"line":9},"1":{"loc":{"start":{"line":51,"column":21},"end":{"line":51,"column":63}},"type":"cond-expr","locations":[{"start":{"line":51,"column":49},"end":{"line":51,"column":53}},{"start":{"line":51,"column":56},"end":{"line":51,"column":63}}],"line":51},"2":{"loc":{"start":{"line":58,"column":7},"end":{"line":89,"column":7}},"type":"cond-expr","locations":[{"start":{"line":59,"column":8},"end":{"line":86,"column":10}},{"start":{"line":88,"column":8},"end":{"line":88,"column":81}}],"line":58},"3":{"loc":{"start":{"line":60,"column":55},"end":{"line":60,"column":99}},"type":"cond-expr","locations":[{"start":{"line":60,"column":84},"end":{"line":60,"column":94}},{"start":{"line":60,"column":97},"end":{"line":60,"column":99}}],"line":60},"4":{"loc":{"start":{"line":63,"column":32},"end":{"line":63,"column":64}},"type":"binary-expr","locations":[{"start":{"line":63,"column":32},"end":{"line":63,"column":54}},{"start":{"line":63,"column":58},"end":{"line":63,"column":64}}],"line":63},"5":{"loc":{"start":{"line":65,"column":47},"end":{"line":65,"column":86}},"type":"binary-expr","locations":[{"start":{"line":65,"column":47},"end":{"line":65,"column":73}},{"start":{"line":65,"column":77},"end":{"line":65,"column":86}}],"line":65},"6":{"loc":{"start":{"line":71,"column":13},"end":{"line":84,"column":13}},"type":"binary-expr","locations":[{"start":{"line":71,"column":13},"end":{"line":71,"column":39}},{"start":{"line":72,"column":14},"end":{"line":83,"column":20}}],"line":71},"7":{"loc":{"start":{"line":74,"column":46},"end":{"line":74,"column":82}},"type":"cond-expr","locations":[{"start":{"line":74,"column":60},"end":{"line":74,"column":69}},{"start":{"line":74,"column":72},"end":{"line":74,"column":82}}],"line":74}},"s":{"0":1,"1":6,"2":5,"3":0,"4":1,"5":0,"6":0,"7":0,"8":1,"9":11,"10":11,"11":11,"12":11,"13":5,"14":5,"15":5,"16":5,"17":4,"18":4,"19":4,"20":4,"21":5,"22":0,"23":5,"24":11,"25":1,"26":11,"27":1,"28":11,"29":2,"30":11,"31":6,"32":2,"33":2,"34":1,"35":0},"f":{"0":6,"1":11,"2":5,"3":5,"4":4,"5":4,"6":4,"7":0,"8":1,"9":1,"10":2,"11":6,"12":2,"13":2,"14":1,"15":0},"b":{"0":[5,0,1,0,0,0],"1":[0,2],"2":[5,6],"3":[2,4],"4":[6,0],"5":[6,0],"6":[6,2],"7":[2,0]},"_coverageSchema":"1a1c01bbd47fc00a2c39e90264f33305004495a9","hash":"54cd223214adeaf399a2bfff68dc145184998990"}
,"/Users/silas_green/CS482-Triangle-Project-GoFish/go-fish/src/components/Home/Support/Support.jsx": {"path":"/Users/silas_green/CS482-Triangle-Project-GoFish/go-fish/src/components/Home/Support/Support.jsx","statementMap":{"0":{"start":{"line":6,"column":16},"end":{"line":42,"column":1}},"1":{"start":{"line":7,"column":34},"end":{"line":7,"column":46}},"2":{"start":{"line":9,"column":25},"end":{"line":25,"column":5}},"3":{"start":{"line":10,"column":8},"end":{"line":10,"column":27}},"4":{"start":{"line":11,"column":8},"end":{"line":11,"column":36}},"5":{"start":{"line":11,"column":29},"end":{"line":11,"column":36}},"6":{"start":{"line":13,"column":8},"end":{"line":24,"column":9}},"7":{"start":{"line":14,"column":27},"end":{"line":14,"column":76}},"8":{"start":{"line":15,"column":12},"end":{"line":19,"column":15}},"9":{"start":{"line":20,"column":12},"end":{"line":20,"column":27}},"10":{"start":{"line":21,"column":12},"end":{"line":21,"column":22}},"11":{"start":{"line":23,"column":12},"end":{"line":23,"column":60}},"12":{"start":{"line":27,"column":4},"end":{"line":41,"column":6}},"13":{"start":{"line":32,"column":37},"end":{"line":32,"column":63}}},"fnMap":{"0":{"name":"(anonymous_0)","decl":{"start":{"line":6,"column":16},"end":{"line":6,"column":17}},"loc":{"start":{"line":6,"column":33},"end":{"line":42,"column":1}},"line":6},"1":{"name":"(anonymous_1)","decl":{"start":{"line":9,"column":25},"end":{"line":9,"column":26}},"loc":{"start":{"line":9,"column":38},"end":{"line":25,"column":5}},"line":9},"2":{"name":"(anonymous_2)","decl":{"start":{"line":32,"column":30},"end":{"line":32,"column":31}},"loc":{"start":{"line":32,"column":37},"end":{"line":32,"column":63}},"line":32}},"branchMap":{"0":{"loc":{"start":{"line":11,"column":8},"end":{"line":11,"column":36}},"type":"if","locations":[{"start":{"line":11,"column":8},"end":{"line":11,"column":36}},{"start":{},"end":{}}],"line":11},"1":{"loc":{"start":{"line":14,"column":27},"end":{"line":14,"column":76}},"type":"cond-expr","locations":[{"start":{"line":14,"column":46},"end":{"line":14,"column":66}},{"start":{"line":14,"column":69},"end":{"line":14,"column":76}}],"line":14}},"s":{"0":2,"1":9,"2":9,"3":3,"4":3,"5":1,"6":2,"7":2,"8":2,"9":1,"10":1,"11":1,"12":9,"13":2},"f":{"0":9,"1":3,"2":2},"b":{"0":[1,2],"1":[2,0]},"_coverageSchema":"1a1c01bbd47fc00a2c39e90264f33305004495a9","hash":"97b2915399ef780f398985eb3e63889acab0f186"}
,"/Users/silas_green/CS482-Triangle-Project-GoFish/go-fish/src/components/Login/Login.jsx": {"path":"/Users/silas_green/CS482-Triangle-Project-GoFish/go-fish/src/components/Login/Login.jsx","statementMap":{"0":{"start":{"line":9,"column":14},"end":{"line":201,"column":1}},"1":{"start":{"line":10,"column":28},"end":{"line":10,"column":40}},"2":{"start":{"line":11,"column":34},"end":{"line":11,"column":46}},"3":{"start":{"line":12,"column":28},"end":{"line":12,"column":40}},"4":{"start":{"line":13,"column":28},"end":{"line":13,"column":43}},"5":{"start":{"line":14,"column":26},"end":{"line":14,"column":37}},"6":{"start":{"line":15,"column":34},"end":{"line":15,"column":46}},"7":{"start":{"line":16,"column":42},"end":{"line":16,"column":54}},"8":{"start":{"line":17,"column":19},"end":{"line":17,"column":32}},"9":{"start":{"line":19,"column":15},"end":{"line":19,"column":24}},"10":{"start":{"line":20,"column":25},"end":{"line":20,"column":49}},"11":{"start":{"line":22,"column":2},"end":{"line":27,"column":9}},"12":{"start":{"line":23,"column":21},"end":{"line":23,"column":53}},"13":{"start":{"line":24,"column":4},"end":{"line":26,"column":5}},"14":{"start":{"line":25,"column":6},"end":{"line":25,"column":17}},"15":{"start":{"line":29,"column":24},"end":{"line":33,"column":3}},"16":{"start":{"line":31,"column":23},"end":{"line":31,"column":51}},"17":{"start":{"line":32,"column":4},"end":{"line":32,"column":34}},"18":{"start":{"line":35,"column":27},"end":{"line":38,"column":3}},"19":{"start":{"line":37,"column":4},"end":{"line":37,"column":32}},"20":{"start":{"line":40,"column":22},"end":{"line":76,"column":3}},"21":{"start":{"line":41,"column":4},"end":{"line":41,"column":23}},"22":{"start":{"line":42,"column":4},"end":{"line":45,"column":5}},"23":{"start":{"line":43,"column":6},"end":{"line":43,"column":50}},"24":{"start":{"line":44,"column":6},"end":{"line":44,"column":13}},"25":{"start":{"line":46,"column":4},"end":{"line":49,"column":5}},"26":{"start":{"line":47,"column":6},"end":{"line":47,"column":53}},"27":{"start":{"line":48,"column":6},"end":{"line":48,"column":13}},"28":{"start":{"line":50,"column":4},"end":{"line":53,"column":5}},"29":{"start":{"line":51,"column":6},"end":{"line":51,"column":57}},"30":{"start":{"line":52,"column":6},"end":{"line":52,"column":13}},"31":{"start":{"line":55,"column":4},"end":{"line":75,"column":5}},"32":{"start":{"line":56,"column":29},"end":{"line":56,"column":84}},"33":{"start":{"line":57,"column":19},"end":{"line":57,"column":38}},"34":{"start":{"line":60,"column":22},"end":{"line":60,"column":62}},"35":{"start":{"line":62,"column":6},"end":{"line":65,"column":7}},"36":{"start":{"line":63,"column":8},"end":{"line":63,"column":40}},"37":{"start":{"line":64,"column":8},"end":{"line":64,"column":15}},"38":{"start":{"line":67,"column":6},"end":{"line":67,"column":48}},"39":{"start":{"line":68,"column":6},"end":{"line":68,"column":64}},"40":{"start":{"line":69,"column":6},"end":{"line":69,"column":56}},"41":{"start":{"line":72,"column":6},"end":{"line":72,"column":24}},"42":{"start":{"line":74,"column":6},"end":{"line":74,"column":44}},"43":{"start":{"line":79,"column":28},"end":{"line":101,"column":3}},"44":{"start":{"line":80,"column":4},"end":{"line":100,"column":5}},"45":{"start":{"line":81,"column":21},"end":{"line":81,"column":64}},"46":{"start":{"line":82,"column":19},"end":{"line":82,"column":30}},"47":{"start":{"line":84,"column":22},"end":{"line":84,"column":62}},"48":{"start":{"line":86,"column":6},"end":{"line":96,"column":7}},"49":{"start":{"line":88,"column":8},"end":{"line":88,"column":50}},"50":{"start":{"line":89,"column":8},"end":{"line":89,"column":66}},"51":{"start":{"line":90,"column":8},"end":{"line":90,"column":58}},"52":{"start":{"line":91,"column":8},"end":{"line":91,"column":26}},"53":{"start":{"line":94,"column":8},"end":{"line":94,"column":30}},"54":{"start":{"line":95,"column":8},"end":{"line":95,"column":19}},"55":{"start":{"line":98,"column":6},"end":{"line":98,"column":50}},"56":{"start":{"line":99,"column":6},"end":{"line":99,"column":17}},"57":{"start":{"line":104,"column":41},"end":{"line":132,"column":3}},"58":{"start":{"line":105,"column":4},"end":{"line":108,"column":5}},"59":{"start":{"line":106,"column":6},"end":{"line":106,"column":60}},"60":{"start":{"line":107,"column":6},"end":{"line":107,"column":13}},"61":{"start":{"line":110,"column":4},"end":{"line":131,"column":5}},"62":{"start":{"line":111,"column":19},"end":{"line":111,"column":35}},"63":{"start":{"line":114,"column":6},"end":{"line":123,"column":9}},"64":{"start":{"line":125,"column":6},"end":{"line":125,"column":48}},"65":{"start":{"line":126,"column":6},"end":{"line":126,"column":49}},"66":{"start":{"line":127,"column":6},"end":{"line":127,"column":49}},"67":{"start":{"line":128,"column":6},"end":{"line":128,"column":24}},"68":{"start":{"line":130,"column":6},"end":{"line":130,"column":59}},"69":{"start":{"line":135,"column":26},"end":{"line":137,"column":3}},"70":{"start":{"line":136,"column":4},"end":{"line":136,"column":30}},"71":{"start":{"line":139,"column":2},"end":{"line":200,"column":4}},"72":{"start":{"line":151,"column":31},"end":{"line":151,"column":55}},"73":{"start":{"line":158,"column":31},"end":{"line":158,"column":58}},"74":{"start":{"line":165,"column":57},"end":{"line":165,"column":69}},"75":{"start":{"line":175,"column":29},"end":{"line":175,"column":56}},"76":{"start":{"line":179,"column":100},"end":{"line":179,"column":122}},"77":{"start":{"line":182,"column":102},"end":{"line":182,"column":126}},"78":{"start":{"line":185,"column":100},"end":{"line":185,"column":122}},"79":{"start":{"line":188,"column":100},"end":{"line":188,"column":122}},"80":{"start":{"line":191,"column":101},"end":{"line":191,"column":124}},"81":{"start":{"line":196,"column":57},"end":{"line":196,"column":67}}},"fnMap":{"0":{"name":"(anonymous_0)","decl":{"start":{"line":9,"column":14},"end":{"line":9,"column":15}},"loc":{"start":{"line":9,"column":20},"end":{"line":201,"column":1}},"line":9},"1":{"name":"(anonymous_1)","decl":{"start":{"line":22,"column":12},"end":{"line":22,"column":13}},"loc":{"start":{"line":22,"column":18},"end":{"line":27,"column":3}},"line":22},"2":{"name":"(anonymous_2)","decl":{"start":{"line":29,"column":24},"end":{"line":29,"column":25}},"loc":{"start":{"line":29,"column":35},"end":{"line":33,"column":3}},"line":29},"3":{"name":"(anonymous_3)","decl":{"start":{"line":35,"column":27},"end":{"line":35,"column":28}},"loc":{"start":{"line":35,"column":41},"end":{"line":38,"column":3}},"line":35},"4":{"name":"(anonymous_4)","decl":{"start":{"line":40,"column":22},"end":{"line":40,"column":23}},"loc":{"start":{"line":40,"column":35},"end":{"line":76,"column":3}},"line":40},"5":{"name":"(anonymous_5)","decl":{"start":{"line":79,"column":28},"end":{"line":79,"column":29}},"loc":{"start":{"line":79,"column":40},"end":{"line":101,"column":3}},"line":79},"6":{"name":"(anonymous_6)","decl":{"start":{"line":104,"column":41},"end":{"line":104,"column":42}},"loc":{"start":{"line":104,"column":53},"end":{"line":132,"column":3}},"line":104},"7":{"name":"(anonymous_7)","decl":{"start":{"line":135,"column":26},"end":{"line":135,"column":27}},"loc":{"start":{"line":135,"column":40},"end":{"line":137,"column":3}},"line":135},"8":{"name":"(anonymous_8)","decl":{"start":{"line":151,"column":24},"end":{"line":151,"column":25}},"loc":{"start":{"line":151,"column":31},"end":{"line":151,"column":55}},"line":151},"9":{"name":"(anonymous_9)","decl":{"start":{"line":158,"column":24},"end":{"line":158,"column":25}},"loc":{"start":{"line":158,"column":31},"end":{"line":158,"column":58}},"line":158},"10":{"name":"(anonymous_10)","decl":{"start":{"line":165,"column":51},"end":{"line":165,"column":52}},"loc":{"start":{"line":165,"column":57},"end":{"line":165,"column":69}},"line":165},"11":{"name":"(anonymous_11)","decl":{"start":{"line":175,"column":22},"end":{"line":175,"column":23}},"loc":{"start":{"line":175,"column":29},"end":{"line":175,"column":56}},"line":175},"12":{"name":"(anonymous_12)","decl":{"start":{"line":179,"column":94},"end":{"line":179,"column":95}},"loc":{"start":{"line":179,"column":100},"end":{"line":179,"column":122}},"line":179},"13":{"name":"(anonymous_13)","decl":{"start":{"line":182,"column":96},"end":{"line":182,"column":97}},"loc":{"start":{"line":182,"column":102},"end":{"line":182,"column":126}},"line":182},"14":{"name":"(anonymous_14)","decl":{"start":{"line":185,"column":94},"end":{"line":185,"column":95}},"loc":{"start":{"line":185,"column":100},"end":{"line":185,"column":122}},"line":185},"15":{"name":"(anonymous_15)","decl":{"start":{"line":188,"column":94},"end":{"line":188,"column":95}},"loc":{"start":{"line":188,"column":100},"end":{"line":188,"column":122}},"line":188},"16":{"name":"(anonymous_16)","decl":{"start":{"line":191,"column":95},"end":{"line":191,"column":96}},"loc":{"start":{"line":191,"column":101},"end":{"line":191,"column":124}},"line":191},"17":{"name":"(anonymous_17)","decl":{"start":{"line":196,"column":51},"end":{"line":196,"column":52}},"loc":{"start":{"line":196,"column":57},"end":{"line":196,"column":67}},"line":196}},"branchMap":{"0":{"loc":{"start":{"line":24,"column":4},"end":{"line":26,"column":5}},"type":"if","locations":[{"start":{"line":24,"column":4},"end":{"line":26,"column":5}},{"start":{},"end":{}}],"line":24},"1":{"loc":{"start":{"line":42,"column":4},"end":{"line":45,"column":5}},"type":"if","locations":[{"start":{"line":42,"column":4},"end":{"line":45,"column":5}},{"start":{},"end":{}}],"line":42},"2":{"loc":{"start":{"line":42,"column":8},"end":{"line":42,"column":27}},"type":"binary-expr","locations":[{"start":{"line":42,"column":8},"end":{"line":42,"column":14}},{"start":{"line":42,"column":18},"end":{"line":42,"column":27}}],"line":42},"3":{"loc":{"start":{"line":46,"column":4},"end":{"line":49,"column":5}},"type":"if","locations":[{"start":{"line":46,"column":4},"end":{"line":49,"column":5}},{"start":{},"end":{}}],"line":46},"4":{"loc":{"start":{"line":50,"column":4},"end":{"line":53,"column":5}},"type":"if","locations":[{"start":{"line":50,"column":4},"end":{"line":53,"column":5}},{"start":{},"end":{}}],"line":50},"5":{"loc":{"start":{"line":62,"column":6},"end":{"line":65,"column":7}},"type":"if","locations":[{"start":{"line":62,"column":6},"end":{"line":65,"column":7}},{"start":{},"end":{}}],"line":62},"6":{"loc":{"start":{"line":86,"column":6},"end":{"line":96,"column":7}},"type":"if","locations":[{"start":{"line":86,"column":6},"end":{"line":96,"column":7}},{"start":{"line":92,"column":13},"end":{"line":96,"column":7}}],"line":86},"7":{"loc":{"start":{"line":105,"column":4},"end":{"line":108,"column":5}},"type":"if","locations":[{"start":{"line":105,"column":4},"end":{"line":108,"column":5}},{"start":{},"end":{}}],"line":105},"8":{"loc":{"start":{"line":105,"column":8},"end":{"line":105,"column":34}},"type":"binary-expr","locations":[{"start":{"line":105,"column":8},"end":{"line":105,"column":21}},{"start":{"line":105,"column":25},"end":{"line":105,"column":34}}],"line":105},"9":{"loc":{"start":{"line":141,"column":7},"end":{"line":198,"column":7}},"type":"cond-expr","locations":[{"start":{"line":142,"column":8},"end":{"line":166,"column":11}},{"start":{"line":168,"column":8},"end":{"line":197,"column":11}}],"line":141},"10":{"loc":{"start":{"line":144,"column":11},"end":{"line":144,"column":60}},"type":"binary-expr","locations":[{"start":{"line":144,"column":11},"end":{"line":144,"column":16}},{"start":{"line":144,"column":20},"end":{"line":144,"column":60}}],"line":144},"11":{"loc":{"start":{"line":170,"column":11},"end":{"line":170,"column":60}},"type":"binary-expr","locations":[{"start":{"line":170,"column":11},"end":{"line":170,"column":16}},{"start":{"line":170,"column":20},"end":{"line":170,"column":60}}],"line":170},"12":{"loc":{"start":{"line":179,"column":41},"end":{"line":179,"column":81}},"type":"cond-expr","locations":[{"start":{"line":179,"column":66},"end":{"line":179,"column":76}},{"start":{"line":179,"column":79},"end":{"line":179,"column":81}}],"line":179},"13":{"loc":{"start":{"line":182,"column":41},"end":{"line":182,"column":83}},"type":"cond-expr","locations":[{"start":{"line":182,"column":68},"end":{"line":182,"column":78}},{"start":{"line":182,"column":81},"end":{"line":182,"column":83}}],"line":182},"14":{"loc":{"start":{"line":185,"column":41},"end":{"line":185,"column":81}},"type":"cond-expr","locations":[{"start":{"line":185,"column":66},"end":{"line":185,"column":76}},{"start":{"line":185,"column":79},"end":{"line":185,"column":81}}],"line":185},"15":{"loc":{"start":{"line":188,"column":41},"end":{"line":188,"column":81}},"type":"cond-expr","locations":[{"start":{"line":188,"column":66},"end":{"line":188,"column":76}},{"start":{"line":188,"column":79},"end":{"line":188,"column":81}}],"line":188},"16":{"loc":{"start":{"line":191,"column":41},"end":{"line":191,"column":82}},"type":"cond-expr","locations":[{"start":{"line":191,"column":67},"end":{"line":191,"column":77}},{"start":{"line":191,"column":80},"end":{"line":191,"column":82}}],"line":191}},"s":{"0":1,"1":17,"2":17,"3":17,"4":17,"5":17,"6":17,"7":17,"8":17,"9":17,"10":17,"11":17,"12":5,"13":5,"14":0,"15":17,"16":4,"17":4,"18":17,"19":3,"20":17,"21":5,"22":5,"23":1,"24":1,"25":4,"26":1,"27":1,"28":3,"29":1,"30":1,"31":2,"32":2,"33":1,"34":1,"35":1,"36":0,"37":0,"38":1,"39":1,"40":1,"41":1,"42":1,"43":17,"44":0,"45":0,"46":0,"47":0,"48":0,"49":0,"50":0,"51":0,"52":0,"53":0,"54":0,"55":0,"56":0,"57":17,"58":0,"59":0,"60":0,"61":0,"62":0,"63":0,"64":0,"65":0,"66":0,"67":0,"68":0,"69":17,"70":0,"71":17,"72":4,"73":4,"74":0,"75":0,"76":0,"77":0,"78":0,"79":0,"80":0,"81":0},"f":{"0":17,"1":5,"2":4,"3":3,"4":5,"5":0,"6":0,"7":0,"8":4,"9":4,"10":0,"11":0,"12":0,"13":0,"14":0,"15":0,"16":0,"17":0},"b":{"0":[0,5],"1":[1,4],"2":[5,4],"3":[1,3],"4":[1,2],"5":[0,1],"6":[0,0],"7":[0,0],"8":[0,0],"9":[17,0],"10":[17,4],"11":[0,0],"12":[0,0],"13":[0,0],"14":[0,0],"15":[0,0],"16":[0,0]},"_coverageSchema":"1a1c01bbd47fc00a2c39e90264f33305004495a9","hash":"538375d6f1a6496953bf7233a623ea8581c8c78b"}
,"/Users/silas_green/CS482-Triangle-Project-GoFish/go-fish/src/components/SignUp/SignUp.jsx": {"path":"/Users/silas_green/CS482-Triangle-Project-GoFish/go-fish/src/components/SignUp/SignUp.jsx","statementMap":{"0":{"start":{"line":9,"column":15},"end":{"line":238,"column":1}},"1":{"start":{"line":10,"column":28},"end":{"line":10,"column":40}},"2":{"start":{"line":11,"column":34},"end":{"line":11,"column":46}},"3":{"start":{"line":12,"column":34},"end":{"line":12,"column":46}},"4":{"start":{"line":13,"column":42},"end":{"line":13,"column":54}},"5":{"start":{"line":14,"column":26},"end":{"line":14,"column":37}},"6":{"start":{"line":16,"column":28},"end":{"line":16,"column":40}},"7":{"start":{"line":17,"column":42},"end":{"line":17,"column":57}},"8":{"start":{"line":18,"column":19},"end":{"line":18,"column":32}},"9":{"start":{"line":20,"column":15},"end":{"line":20,"column":24}},"10":{"start":{"line":21,"column":25},"end":{"line":21,"column":49}},"11":{"start":{"line":24,"column":23},"end":{"line":61,"column":3}},"12":{"start":{"line":25,"column":4},"end":{"line":25,"column":23}},"13":{"start":{"line":28,"column":4},"end":{"line":31,"column":5}},"14":{"start":{"line":29,"column":6},"end":{"line":29,"column":60}},"15":{"start":{"line":30,"column":6},"end":{"line":30,"column":13}},"16":{"start":{"line":33,"column":4},"end":{"line":60,"column":5}},"17":{"start":{"line":34,"column":29},"end":{"line":34,"column":88}},"18":{"start":{"line":35,"column":19},"end":{"line":35,"column":38}},"19":{"start":{"line":38,"column":6},"end":{"line":47,"column":9}},"20":{"start":{"line":49,"column":6},"end":{"line":51,"column":9}},"21":{"start":{"line":54,"column":6},"end":{"line":54,"column":49}},"22":{"start":{"line":57,"column":6},"end":{"line":57,"column":24}},"23":{"start":{"line":59,"column":6},"end":{"line":59,"column":30}},"24":{"start":{"line":63,"column":23},"end":{"line":65,"column":3}},"25":{"start":{"line":64,"column":4},"end":{"line":64,"column":31}},"26":{"start":{"line":68,"column":29},"end":{"line":92,"column":3}},"27":{"start":{"line":69,"column":4},"end":{"line":91,"column":5}},"28":{"start":{"line":70,"column":21},"end":{"line":70,"column":64}},"29":{"start":{"line":71,"column":19},"end":{"line":71,"column":30}},"30":{"start":{"line":74,"column":22},"end":{"line":74,"column":62}},"31":{"start":{"line":76,"column":6},"end":{"line":86,"column":7}},"32":{"start":{"line":79,"column":8},"end":{"line":79,"column":30}},"33":{"start":{"line":80,"column":8},"end":{"line":80,"column":19}},"34":{"start":{"line":85,"column":8},"end":{"line":85,"column":26}},"35":{"start":{"line":90,"column":6},"end":{"line":90,"column":66}},"36":{"start":{"line":95,"column":25},"end":{"line":107,"column":3}},"37":{"start":{"line":96,"column":4},"end":{"line":99,"column":5}},"38":{"start":{"line":97,"column":6},"end":{"line":97,"column":55}},"39":{"start":{"line":98,"column":6},"end":{"line":98,"column":13}},"40":{"start":{"line":101,"column":4},"end":{"line":104,"column":5}},"41":{"start":{"line":102,"column":6},"end":{"line":102,"column":32}},"42":{"start":{"line":103,"column":6},"end":{"line":103,"column":13}},"43":{"start":{"line":106,"column":4},"end":{"line":106,"column":15}},"44":{"start":{"line":110,"column":26},"end":{"line":112,"column":3}},"45":{"start":{"line":111,"column":4},"end":{"line":111,"column":26}},"46":{"start":{"line":115,"column":41},"end":{"line":144,"column":3}},"47":{"start":{"line":116,"column":4},"end":{"line":119,"column":5}},"48":{"start":{"line":117,"column":6},"end":{"line":117,"column":60}},"49":{"start":{"line":118,"column":6},"end":{"line":118,"column":13}},"50":{"start":{"line":121,"column":4},"end":{"line":143,"column":5}},"51":{"start":{"line":122,"column":19},"end":{"line":122,"column":35}},"52":{"start":{"line":125,"column":6},"end":{"line":134,"column":9}},"53":{"start":{"line":137,"column":6},"end":{"line":137,"column":49}},"54":{"start":{"line":140,"column":6},"end":{"line":140,"column":24}},"55":{"start":{"line":142,"column":6},"end":{"line":142,"column":30}},"56":{"start":{"line":146,"column":2},"end":{"line":237,"column":4}},"57":{"start":{"line":157,"column":31},"end":{"line":157,"column":55}},"58":{"start":{"line":164,"column":31},"end":{"line":164,"column":58}},"59":{"start":{"line":176,"column":57},"end":{"line":176,"column":69}},"60":{"start":{"line":188,"column":29},"end":{"line":188,"column":56}},"61":{"start":{"line":194,"column":27},"end":{"line":194,"column":49}},"62":{"start":{"line":202,"column":27},"end":{"line":202,"column":51}},"63":{"start":{"line":210,"column":27},"end":{"line":210,"column":49}},"64":{"start":{"line":218,"column":27},"end":{"line":218,"column":49}},"65":{"start":{"line":226,"column":27},"end":{"line":226,"column":50}},"66":{"start":{"line":233,"column":57},"end":{"line":233,"column":67}}},"fnMap":{"0":{"name":"(anonymous_0)","decl":{"start":{"line":9,"column":15},"end":{"line":9,"column":16}},"loc":{"start":{"line":9,"column":21},"end":{"line":238,"column":1}},"line":9},"1":{"name":"(anonymous_1)","decl":{"start":{"line":24,"column":23},"end":{"line":24,"column":24}},"loc":{"start":{"line":24,"column":36},"end":{"line":61,"column":3}},"line":24},"2":{"name":"(anonymous_2)","decl":{"start":{"line":63,"column":23},"end":{"line":63,"column":24}},"loc":{"start":{"line":63,"column":34},"end":{"line":65,"column":3}},"line":63},"3":{"name":"(anonymous_3)","decl":{"start":{"line":68,"column":29},"end":{"line":68,"column":30}},"loc":{"start":{"line":68,"column":41},"end":{"line":92,"column":3}},"line":68},"4":{"name":"(anonymous_4)","decl":{"start":{"line":95,"column":25},"end":{"line":95,"column":26}},"loc":{"start":{"line":95,"column":31},"end":{"line":107,"column":3}},"line":95},"5":{"name":"(anonymous_5)","decl":{"start":{"line":110,"column":26},"end":{"line":110,"column":27}},"loc":{"start":{"line":110,"column":36},"end":{"line":112,"column":3}},"line":110},"6":{"name":"(anonymous_6)","decl":{"start":{"line":115,"column":41},"end":{"line":115,"column":42}},"loc":{"start":{"line":115,"column":53},"end":{"line":144,"column":3}},"line":115},"7":{"name":"(anonymous_7)","decl":{"start":{"line":157,"column":24},"end":{"line":157,"column":25}},"loc":{"start":{"line":157,"column":31},"end":{"line":157,"column":55}},"line":157},"8":{"name":"(anonymous_8)","decl":{"start":{"line":164,"column":24},"end":{"line":164,"column":25}},"loc":{"start":{"line":164,"column":31},"end":{"line":164,"column":58}},"line":164},"9":{"name":"(anonymous_9)","decl":{"start":{"line":176,"column":51},"end":{"line":176,"column":52}},"loc":{"start":{"line":176,"column":57},"end":{"line":176,"column":69}},"line":176},"10":{"name":"(anonymous_10)","decl":{"start":{"line":188,"column":22},"end":{"line":188,"column":23}},"loc":{"start":{"line":188,"column":29},"end":{"line":188,"column":56}},"line":188},"11":{"name":"(anonymous_11)","decl":{"start":{"line":194,"column":21},"end":{"line":194,"column":22}},"loc":{"start":{"line":194,"column":27},"end":{"line":194,"column":49}},"line":194},"12":{"name":"(anonymous_12)","decl":{"start":{"line":202,"column":21},"end":{"line":202,"column":22}},"loc":{"start":{"line":202,"column":27},"end":{"line":202,"column":51}},"line":202},"13":{"name":"(anonymous_13)","decl":{"start":{"line":210,"column":21},"end":{"line":210,"column":22}},"loc":{"start":{"line":210,"column":27},"end":{"line":210,"column":49}},"line":210},"14":{"name":"(anonymous_14)","decl":{"start":{"line":218,"column":21},"end":{"line":218,"column":22}},"loc":{"start":{"line":218,"column":27},"end":{"line":218,"column":49}},"line":218},"15":{"name":"(anonymous_15)","decl":{"start":{"line":226,"column":21},"end":{"line":226,"column":22}},"loc":{"start":{"line":226,"column":27},"end":{"line":226,"column":50}},"line":226},"16":{"name":"(anonymous_16)","decl":{"start":{"line":233,"column":51},"end":{"line":233,"column":52}},"loc":{"start":{"line":233,"column":57},"end":{"line":233,"column":67}},"line":233}},"branchMap":{"0":{"loc":{"start":{"line":28,"column":4},"end":{"line":31,"column":5}},"type":"if","locations":[{"start":{"line":28,"column":4},"end":{"line":31,"column":5}},{"start":{},"end":{}}],"line":28},"1":{"loc":{"start":{"line":28,"column":8},"end":{"line":28,"column":34}},"type":"binary-expr","locations":[{"start":{"line":28,"column":8},"end":{"line":28,"column":21}},{"start":{"line":28,"column":25},"end":{"line":28,"column":34}}],"line":28},"2":{"loc":{"start":{"line":76,"column":6},"end":{"line":86,"column":7}},"type":"if","locations":[{"start":{"line":76,"column":6},"end":{"line":86,"column":7}},{"start":{"line":82,"column":13},"end":{"line":86,"column":7}}],"line":76},"3":{"loc":{"start":{"line":96,"column":4},"end":{"line":99,"column":5}},"type":"if","locations":[{"start":{"line":96,"column":4},"end":{"line":99,"column":5}},{"start":{},"end":{}}],"line":96},"4":{"loc":{"start":{"line":96,"column":8},"end":{"line":96,"column":27}},"type":"binary-expr","locations":[{"start":{"line":96,"column":8},"end":{"line":96,"column":14}},{"start":{"line":96,"column":18},"end":{"line":96,"column":27}}],"line":96},"5":{"loc":{"start":{"line":101,"column":4},"end":{"line":104,"column":5}},"type":"if","locations":[{"start":{"line":101,"column":4},"end":{"line":104,"column":5}},{"start":{},"end":{}}],"line":101},"6":{"loc":{"start":{"line":116,"column":4},"end":{"line":119,"column":5}},"type":"if","locations":[{"start":{"line":116,"column":4},"end":{"line":119,"column":5}},{"start":{},"end":{}}],"line":116},"7":{"loc":{"start":{"line":116,"column":8},"end":{"line":116,"column":34}},"type":"binary-expr","locations":[{"start":{"line":116,"column":8},"end":{"line":116,"column":21}},{"start":{"line":116,"column":25},"end":{"line":116,"column":34}}],"line":116},"8":{"loc":{"start":{"line":148,"column":7},"end":{"line":235,"column":7}},"type":"cond-expr","locations":[{"start":{"line":149,"column":8},"end":{"line":177,"column":11}},{"start":{"line":179,"column":8},"end":{"line":234,"column":11}}],"line":148},"9":{"loc":{"start":{"line":151,"column":11},"end":{"line":151,"column":60}},"type":"binary-expr","locations":[{"start":{"line":151,"column":11},"end":{"line":151,"column":16}},{"start":{"line":151,"column":20},"end":{"line":151,"column":60}}],"line":151},"10":{"loc":{"start":{"line":183,"column":11},"end":{"line":183,"column":60}},"type":"binary-expr","locations":[{"start":{"line":183,"column":11},"end":{"line":183,"column":16}},{"start":{"line":183,"column":20},"end":{"line":183,"column":60}}],"line":183},"11":{"loc":{"start":{"line":193,"column":36},"end":{"line":193,"column":76}},"type":"cond-expr","locations":[{"start":{"line":193,"column":61},"end":{"line":193,"column":71}},{"start":{"line":193,"column":74},"end":{"line":193,"column":76}}],"line":193},"12":{"loc":{"start":{"line":201,"column":36},"end":{"line":201,"column":78}},"type":"cond-expr","locations":[{"start":{"line":201,"column":63},"end":{"line":201,"column":73}},{"start":{"line":201,"column":76},"end":{"line":201,"column":78}}],"line":201},"13":{"loc":{"start":{"line":209,"column":36},"end":{"line":209,"column":76}},"type":"cond-expr","locations":[{"start":{"line":209,"column":61},"end":{"line":209,"column":71}},{"start":{"line":209,"column":74},"end":{"line":209,"column":76}}],"line":209},"14":{"loc":{"start":{"line":217,"column":36},"end":{"line":217,"column":76}},"type":"cond-expr","locations":[{"start":{"line":217,"column":61},"end":{"line":217,"column":71}},{"start":{"line":217,"column":74},"end":{"line":217,"column":76}}],"line":217},"15":{"loc":{"start":{"line":225,"column":36},"end":{"line":225,"column":77}},"type":"cond-expr","locations":[{"start":{"line":225,"column":62},"end":{"line":225,"column":72}},{"start":{"line":225,"column":75},"end":{"line":225,"column":77}}],"line":225},"16":{"loc":{"start":{"line":232,"column":53},"end":{"line":232,"column":113}},"type":"cond-expr","locations":[{"start":{"line":232,"column":68},"end":{"line":232,"column":98}},{"start":{"line":232,"column":101},"end":{"line":232,"column":113}}],"line":232}},"s":{"0":1,"1":37,"2":37,"3":37,"4":37,"5":37,"6":37,"7":37,"8":37,"9":37,"10":37,"11":37,"12":3,"13":3,"14":2,"15":2,"16":1,"17":1,"18":1,"19":1,"20":1,"21":1,"22":1,"23":0,"24":37,"25":6,"26":37,"27":1,"28":1,"29":1,"30":1,"31":1,"32":1,"33":1,"34":0,"35":0,"36":37,"37":7,"38":1,"39":1,"40":6,"41":1,"42":1,"43":5,"44":37,"45":3,"46":37,"47":0,"48":0,"49":0,"50":0,"51":0,"52":0,"53":0,"54":0,"55":0,"56":37,"57":6,"58":6,"59":1,"60":2,"61":0,"62":0,"63":2,"64":1,"65":0,"66":1},"f":{"0":37,"1":3,"2":6,"3":1,"4":7,"5":3,"6":0,"7":6,"8":6,"9":1,"10":2,"11":0,"12":0,"13":2,"14":1,"15":0,"16":1},"b":{"0":[2,1],"1":[3,2],"2":[1,0],"3":[1,6],"4":[7,6],"5":[1,5],"6":[0,0],"7":[0,0],"8":[24,13],"9":[24,2],"10":[13,2],"11":[0,13],"12":[0,13],"13":[3,10],"14":[1,12],"15":[0,13],"16":[1,12]},"_coverageSchema":"1a1c01bbd47fc00a2c39e90264f33305004495a9","hash":"475d7d6c2ba3110d6bc5cfc126b5088ca9d4dac2"}
}
