TN:
SF:src/components/Home/Shop/Shop.jsx
FN:24,(anonymous_0)
FN:40,(anonymous_1)
FN:47,(anonymous_2)
FN:51,(anonymous_3)
FN:58,(anonymous_4)
FN:68,(anonymous_5)
FN:69,(anonymous_6)
FN:89,(anonymous_7)
FN:132,(anonymous_8)
FN:137,(anonymous_9)
FN:162,(anonymous_10)
FN:171,(anonymous_11)
FN:195,(anonymous_12)
FN:201,(anonymous_13)
FNF:14
FNH:11
FNDA:9,(anonymous_0)
FNDA:1,(anonymous_1)
FNDA:4,(anonymous_2)
FNDA:4,(anonymous_3)
FNDA:2,(anonymous_4)
FNDA:7,(anonymous_5)
FNDA:7,(anonymous_6)
FNDA:1,(anonymous_7)
FNDA:0,(anonymous_8)
FNDA:0,(anonymous_9)
FNDA:0,(anonymous_10)
FNDA:72,(anonymous_11)
FNDA:72,(anonymous_12)
FNDA:1,(anonymous_13)
DA:13,1
DA:24,1
DA:25,9
DA:26,9
DA:27,9
DA:28,9
DA:29,9
DA:30,9
DA:32,9
DA:33,9
DA:34,9
DA:36,9
DA:37,9
DA:40,9
DA:41,1
DA:42,1
DA:43,1
DA:47,9
DA:48,4
DA:49,4
DA:50,4
DA:51,4
DA:52,4
DA:53,4
DA:58,9
DA:59,2
DA:60,1
DA:62,1
DA:64,2
DA:68,9
DA:69,7
DA:70,7
DA:71,0
DA:72,0
DA:73,0
DA:75,7
DA:76,7
DA:77,0
DA:78,0
DA:79,0
DA:80,0
DA:85,7
DA:89,9
DA:90,1
DA:91,1
DA:92,1
DA:93,1
DA:95,0
DA:96,0
DA:97,0
DA:98,0
DA:101,0
DA:103,0
DA:104,0
DA:105,0
DA:107,0
DA:108,0
DA:110,0
DA:111,0
DA:113,0
DA:114,0
DA:115,0
DA:117,0
DA:118,0
DA:119,0
DA:125,0
DA:126,0
DA:127,0
DA:130,0
DA:131,0
DA:132,0
DA:134,0
DA:136,0
DA:137,0
DA:138,0
DA:139,0
DA:141,0
DA:142,0
DA:144,0
DA:145,0
DA:147,0
DA:148,0
DA:150,0
DA:156,0
DA:157,0
DA:160,0
DA:161,0
DA:162,0
DA:164,0
DA:165,0
DA:171,9
DA:172,72
DA:173,72
DA:176,9
DA:196,72
DA:201,1
LF:96
LH:46
BRDA:59,0,0,1
BRDA:59,0,1,1
BRDA:70,1,0,0
BRDA:70,1,1,7
BRDA:71,2,0,0
BRDA:71,2,1,0
BRDA:73,3,0,0
BRDA:73,3,1,0
BRDA:76,4,0,0
BRDA:76,4,1,7
BRDA:78,5,0,0
BRDA:78,5,1,0
BRDA:79,6,0,0
BRDA:79,6,1,0
BRDA:80,7,0,0
BRDA:80,7,1,0
BRDA:90,8,0,1
BRDA:90,8,1,0
BRDA:95,9,0,0
BRDA:95,9,1,0
BRDA:101,10,0,0
BRDA:101,10,1,0
BRDA:110,11,0,0
BRDA:110,11,1,0
BRDA:139,12,0,0
BRDA:139,12,1,0
BRDA:141,13,0,0
BRDA:141,13,1,0
BRDA:142,14,0,0
BRDA:142,14,1,0
BRDA:144,15,0,0
BRDA:144,15,1,0
BRDA:145,16,0,0
BRDA:145,16,1,0
BRDA:173,17,0,72
BRDA:173,17,1,0
BRDA:182,18,0,7
BRDA:182,18,1,2
BRDA:192,19,0,9
BRDA:192,19,1,2
BRDA:193,20,0,9
BRDA:193,20,1,0
BRDA:205,21,0,0
BRDA:205,21,1,72
BRF:44
BRH:12
end_of_record
TN:
SF:src/components/Home/Support/Support.jsx
FN:7,(anonymous_0)
FN:11,(anonymous_1)
FN:26,(anonymous_2)
FN:45,(anonymous_3)
FNF:4
FNH:3
FNDA:8,(anonymous_0)
FNDA:3,(anonymous_1)
FNDA:0,(anonymous_2)
FNDA:2,(anonymous_3)
DA:7,1
DA:8,8
DA:9,8
DA:11,8
DA:12,3
DA:13,3
DA:15,2
DA:16,2
DA:17,2
DA:22,1
DA:23,1
DA:26,1
DA:27,0
DA:28,0
DA:31,1
DA:35,8
DA:45,2
LF:17
LH:15
BRDA:13,0,0,1
BRDA:13,0,1,2
BRDA:16,1,0,2
BRDA:16,1,1,0
BRDA:37,2,0,8
BRDA:37,2,1,1
BRF:6
BRH:5
end_of_record
