TN:
SF:src/components/App.jsx
FN:5,App
FN:23,(anonymous_1)
FN:26,(anonymous_2)
FN:29,(anonymous_3)
FNF:4
FNH:1
FNDA:1,App
FNDA:0,(anonymous_1)
FNDA:0,(anonymous_2)
FNDA:0,(anonymous_3)
DA:6,1
DA:8,1
DA:23,0
DA:26,0
DA:29,0
LF:5
LH:2
BRF:0
BRH:0
end_of_record
TN:
SF:src/components/Home/Home.jsx
FN:9,(anonymous_0)
FN:17,(anonymous_1)
FN:23,(anonymous_2)
FN:49,(anonymous_3)
FN:54,(anonymous_4)
FN:69,(anonymous_5)
FN:72,(anonymous_6)
FN:88,(anonymous_7)
FN:89,(anonymous_8)
FN:96,(anonymous_9)
FN:118,(anonymous_10)
FN:119,(anonymous_11)
FN:120,(anonymous_12)
FN:123,(anonymous_13)
FN:132,(anonymous_14)
FN:137,(anonymous_15)
FN:138,(anonymous_16)
FN:143,(anonymous_17)
FN:148,(anonymous_18)
FN:149,(anonymous_19)
FN:153,(anonymous_20)
FNF:21
FNH:16
FNDA:21,(anonymous_0)
FNDA:9,(anonymous_1)
FNDA:9,(anonymous_2)
FNDA:3,(anonymous_3)
FNDA:1,(anonymous_4)
FNDA:1,(anonymous_5)
FNDA:20,(anonymous_6)
FNDA:9,(anonymous_7)
FNDA:10,(anonymous_8)
FNDA:9,(anonymous_9)
FNDA:1,(anonymous_10)
FNDA:1,(anonymous_11)
FNDA:1,(anonymous_12)
FNDA:1,(anonymous_13)
FNDA:2,(anonymous_14)
FNDA:0,(anonymous_15)
FNDA:0,(anonymous_16)
FNDA:1,(anonymous_17)
FNDA:0,(anonymous_18)
FNDA:0,(anonymous_19)
FNDA:0,(anonymous_20)
DA:9,1
DA:10,21
DA:11,20
DA:12,20
DA:13,20
DA:14,20
DA:15,20
DA:16,20
DA:17,20
DA:18,9
DA:19,9
DA:20,1
DA:21,1
DA:23,9
DA:24,9
DA:25,2
DA:26,2
DA:27,2
DA:28,2
DA:30,2
DA:37,7
DA:38,7
DA:39,7
DA:40,7
DA:41,7
DA:47,9
DA:49,20
DA:50,3
DA:51,3
DA:52,3
DA:54,20
DA:55,1
DA:56,1
DA:57,1
DA:58,1
DA:59,1
DA:61,1
DA:63,1
DA:64,1
DA:66,0
DA:69,20
DA:70,1
DA:72,20
DA:73,20
DA:75,1
DA:77,0
DA:79,1
DA:81,0
DA:83,0
DA:85,18
DA:88,20
DA:89,9
DA:90,10
DA:91,7
DA:92,7
DA:95,9
DA:96,9
DA:97,9
DA:100,20
DA:118,1
DA:119,1
DA:120,1
DA:123,1
DA:132,2
DA:137,0
DA:138,0
DA:143,1
DA:148,0
DA:149,0
DA:153,0
LF:70
LH:61
BRDA:19,0,0,1
BRDA:19,0,1,8
BRDA:24,1,0,2
BRDA:24,1,1,7
BRDA:28,2,0,2
BRDA:28,2,1,2
BRDA:38,3,0,7
BRDA:38,3,1,0
BRDA:40,4,0,7
BRDA:40,4,1,0
BRDA:56,5,0,1
BRDA:56,5,1,0
BRDA:58,6,0,1
BRDA:58,6,1,0
BRDA:73,7,0,1
BRDA:73,7,1,0
BRDA:73,7,2,1
BRDA:73,7,3,0
BRDA:73,7,4,0
BRDA:73,7,5,18
BRDA:90,8,0,7
BRDA:90,8,1,3
BRDA:90,9,0,10
BRDA:90,9,1,8
BRDA:102,10,0,20
BRDA:102,10,1,1
BRDA:123,11,0,20
BRDA:123,11,1,1
BRDA:135,12,0,20
BRDA:135,12,1,2
BRDA:146,13,0,20
BRDA:146,13,1,1
BRF:32
BRH:25
end_of_record
TN:
SF:src/components/Home/Join/JoinPrivate.jsx
FN:8,(anonymous_0)
FN:19,(anonymous_1)
FN:25,(anonymous_2)
FN:55,(anonymous_3)
FN:59,(anonymous_4)
FN:76,(anonymous_5)
FN:96,(anonymous_6)
FN:102,(anonymous_7)
FNF:8
FNH:7
FNDA:2,(anonymous_0)
FNDA:20,(anonymous_1)
FNDA:5,(anonymous_2)
FNDA:1,(anonymous_3)
FNDA:1,(anonymous_4)
FNDA:2,(anonymous_5)
FNDA:4,(anonymous_6)
FNDA:0,(anonymous_7)
DA:8,2
DA:9,2
DA:10,1
DA:11,0
DA:12,1
DA:13,0
DA:14,0
DA:15,0
DA:19,2
DA:20,20
DA:21,20
DA:22,20
DA:23,20
DA:25,20
DA:26,5
DA:28,5
DA:29,1
DA:30,1
DA:33,4
DA:34,4
DA:35,4
DA:41,4
DA:43,4
DA:44,1
DA:46,3
DA:47,3
DA:50,0
DA:51,0
DA:55,20
DA:56,1
DA:59,20
DA:60,1
DA:61,1
DA:62,1
DA:65,20
DA:77,2
DA:96,4
DA:102,0
LF:38
LH:31
BRDA:9,0,0,1
BRDA:9,0,1,0
BRDA:9,0,2,1
BRDA:9,0,3,0
BRDA:9,0,4,0
BRDA:9,0,5,0
BRDA:28,1,0,1
BRDA:28,1,1,4
BRDA:43,2,0,1
BRDA:43,2,1,3
BRDA:67,3,0,3
BRDA:67,3,1,17
BRDA:73,4,0,1
BRDA:73,4,1,2
BRDA:101,5,0,17
BRDA:101,5,1,2
BRF:16
BRH:12
end_of_record
TN:
SF:src/components/Home/Join/JoinPublic.jsx
FN:8,(anonymous_0)
FN:19,(anonymous_1)
FN:24,(anonymous_2)
FN:25,(anonymous_3)
FN:29,(anonymous_4)
FN:31,(anonymous_5)
FN:32,(anonymous_6)
FN:36,(anonymous_7)
FN:42,(anonymous_8)
FN:46,(anonymous_9)
FN:50,(anonymous_10)
FN:59,(anonymous_11)
FN:61,(anonymous_12)
FN:77,(anonymous_13)
FN:81,(anonymous_14)
FN:82,(anonymous_15)
FNF:16
FNH:14
FNDA:6,(anonymous_0)
FNDA:11,(anonymous_1)
FNDA:5,(anonymous_2)
FNDA:5,(anonymous_3)
FNDA:4,(anonymous_4)
FNDA:4,(anonymous_5)
FNDA:4,(anonymous_6)
FNDA:0,(anonymous_7)
FNDA:1,(anonymous_8)
FNDA:1,(anonymous_9)
FNDA:2,(anonymous_10)
FNDA:6,(anonymous_11)
FNDA:2,(anonymous_12)
FNDA:2,(anonymous_13)
FNDA:1,(anonymous_14)
FNDA:0,(anonymous_15)
DA:8,1
DA:9,6
DA:10,5
DA:11,0
DA:12,1
DA:13,0
DA:14,0
DA:15,0
DA:19,1
DA:20,11
DA:21,11
DA:22,11
DA:24,11
DA:25,5
DA:26,5
DA:27,5
DA:29,5
DA:30,4
DA:31,4
DA:32,4
DA:33,4
DA:36,5
DA:39,5
DA:42,11
DA:43,1
DA:46,11
DA:47,1
DA:50,11
DA:51,2
DA:54,11
DA:60,6
DA:61,2
DA:78,2
DA:81,1
DA:82,0
LF:35
LH:30
BRDA:9,0,0,5
BRDA:9,0,1,0
BRDA:9,0,2,1
BRDA:9,0,3,0
BRDA:9,0,4,0
BRDA:9,0,5,0
BRDA:51,1,0,0
BRDA:51,1,1,2
BRDA:58,2,0,5
BRDA:58,2,1,6
BRDA:60,3,0,2
BRDA:60,3,1,4
BRDA:63,4,0,6
BRDA:63,4,1,0
BRDA:65,5,0,6
BRDA:65,5,1,0
BRDA:71,6,0,6
BRDA:71,6,1,2
BRDA:74,7,0,2
BRDA:74,7,1,0
BRF:20
BRH:12
end_of_record
TN:
SF:src/components/Home/Support/Support.jsx
FN:6,(anonymous_0)
FN:9,(anonymous_1)
FN:32,(anonymous_2)
FNF:3
FNH:3
FNDA:9,(anonymous_0)
FNDA:3,(anonymous_1)
FNDA:2,(anonymous_2)
DA:6,2
DA:7,9
DA:9,9
DA:10,3
DA:11,3
DA:13,2
DA:14,2
DA:15,2
DA:20,1
DA:21,1
DA:23,1
DA:27,9
DA:32,2
LF:13
LH:13
BRDA:11,0,0,1
BRDA:11,0,1,2
BRDA:14,1,0,2
BRDA:14,1,1,0
BRF:4
BRH:3
end_of_record
TN:
SF:src/components/Login/Login.jsx
FN:9,(anonymous_0)
FN:22,(anonymous_1)
FN:29,(anonymous_2)
FN:35,(anonymous_3)
FN:40,(anonymous_4)
FN:79,(anonymous_5)
FN:104,(anonymous_6)
FN:135,(anonymous_7)
FN:151,(anonymous_8)
FN:158,(anonymous_9)
FN:165,(anonymous_10)
FN:175,(anonymous_11)
FN:179,(anonymous_12)
FN:182,(anonymous_13)
FN:185,(anonymous_14)
FN:188,(anonymous_15)
FN:191,(anonymous_16)
FN:196,(anonymous_17)
FNF:18
FNH:7
FNDA:17,(anonymous_0)
FNDA:5,(anonymous_1)
FNDA:4,(anonymous_2)
FNDA:3,(anonymous_3)
FNDA:5,(anonymous_4)
FNDA:0,(anonymous_5)
FNDA:0,(anonymous_6)
FNDA:0,(anonymous_7)
FNDA:4,(anonymous_8)
FNDA:4,(anonymous_9)
FNDA:0,(anonymous_10)
FNDA:0,(anonymous_11)
FNDA:0,(anonymous_12)
FNDA:0,(anonymous_13)
FNDA:0,(anonymous_14)
FNDA:0,(anonymous_15)
FNDA:0,(anonymous_16)
FNDA:0,(anonymous_17)
DA:9,1
DA:10,17
DA:11,17
DA:12,17
DA:13,17
DA:14,17
DA:15,17
DA:16,17
DA:17,17
DA:19,17
DA:20,17
DA:22,17
DA:23,5
DA:24,5
DA:25,0
DA:29,17
DA:31,4
DA:32,4
DA:35,17
DA:37,3
DA:40,17
DA:41,5
DA:42,5
DA:43,1
DA:44,1
DA:46,4
DA:47,1
DA:48,1
DA:50,3
DA:51,1
DA:52,1
DA:55,2
DA:56,2
DA:57,1
DA:60,1
DA:62,1
DA:63,0
DA:64,0
DA:67,1
DA:68,1
DA:69,1
DA:72,1
DA:74,1
DA:79,17
DA:80,0
DA:81,0
DA:82,0
DA:84,0
DA:86,0
DA:88,0
DA:89,0
DA:90,0
DA:91,0
DA:94,0
DA:95,0
DA:98,0
DA:99,0
DA:104,17
DA:105,0
DA:106,0
DA:107,0
DA:110,0
DA:111,0
DA:114,0
DA:125,0
DA:126,0
DA:127,0
DA:128,0
DA:130,0
DA:135,17
DA:136,0
DA:139,17
DA:151,4
DA:158,4
DA:165,0
DA:175,0
DA:179,0
DA:182,0
DA:185,0
DA:188,0
DA:191,0
DA:196,0
LF:82
LH:46
BRDA:24,0,0,0
BRDA:24,0,1,5
BRDA:42,1,0,1
BRDA:42,1,1,4
BRDA:42,2,0,5
BRDA:42,2,1,4
BRDA:46,3,0,1
BRDA:46,3,1,3
BRDA:50,4,0,1
BRDA:50,4,1,2
BRDA:62,5,0,0
BRDA:62,5,1,1
BRDA:86,6,0,0
BRDA:86,6,1,0
BRDA:105,7,0,0
BRDA:105,7,1,0
BRDA:105,8,0,0
BRDA:105,8,1,0
BRDA:141,9,0,17
BRDA:141,9,1,0
BRDA:144,10,0,17
BRDA:144,10,1,4
BRDA:170,11,0,0
BRDA:170,11,1,0
BRDA:179,12,0,0
BRDA:179,12,1,0
BRDA:182,13,0,0
BRDA:182,13,1,0
BRDA:185,14,0,0
BRDA:185,14,1,0
BRDA:188,15,0,0
BRDA:188,15,1,0
BRDA:191,16,0,0
BRDA:191,16,1,0
BRF:34
BRH:13
end_of_record
TN:
SF:src/components/SignUp/SignUp.jsx
FN:9,(anonymous_0)
FN:24,(anonymous_1)
FN:63,(anonymous_2)
FN:68,(anonymous_3)
FN:95,(anonymous_4)
FN:110,(anonymous_5)
FN:115,(anonymous_6)
FN:157,(anonymous_7)
FN:164,(anonymous_8)
FN:176,(anonymous_9)
FN:188,(anonymous_10)
FN:194,(anonymous_11)
FN:202,(anonymous_12)
FN:210,(anonymous_13)
FN:218,(anonymous_14)
FN:226,(anonymous_15)
FN:233,(anonymous_16)
FNF:17
FNH:13
FNDA:37,(anonymous_0)
FNDA:3,(anonymous_1)
FNDA:6,(anonymous_2)
FNDA:1,(anonymous_3)
FNDA:7,(anonymous_4)
FNDA:3,(anonymous_5)
FNDA:0,(anonymous_6)
FNDA:6,(anonymous_7)
FNDA:6,(anonymous_8)
FNDA:1,(anonymous_9)
FNDA:2,(anonymous_10)
FNDA:0,(anonymous_11)
FNDA:0,(anonymous_12)
FNDA:2,(anonymous_13)
FNDA:1,(anonymous_14)
FNDA:0,(anonymous_15)
FNDA:1,(anonymous_16)
DA:9,1
DA:10,37
DA:11,37
DA:12,37
DA:13,37
DA:14,37
DA:16,37
DA:17,37
DA:18,37
DA:20,37
DA:21,37
DA:24,37
DA:25,3
DA:28,3
DA:29,2
DA:30,2
DA:33,1
DA:34,1
DA:35,1
DA:38,1
DA:49,1
DA:54,1
DA:57,1
DA:59,0
DA:63,37
DA:64,6
DA:68,37
DA:69,1
DA:70,1
DA:71,1
DA:74,1
DA:76,1
DA:79,1
DA:80,1
DA:85,0
DA:90,0
DA:95,37
DA:96,7
DA:97,1
DA:98,1
DA:101,6
DA:102,1
DA:103,1
DA:106,5
DA:110,37
DA:111,3
DA:115,37
DA:116,0
DA:117,0
DA:118,0
DA:121,0
DA:122,0
DA:125,0
DA:137,0
DA:140,0
DA:142,0
DA:146,37
DA:157,6
DA:164,6
DA:176,1
DA:188,2
DA:194,0
DA:202,0
DA:210,2
DA:218,1
DA:226,0
DA:233,1
LF:67
LH:52
BRDA:28,0,0,2
BRDA:28,0,1,1
BRDA:28,1,0,3
BRDA:28,1,1,2
BRDA:76,2,0,1
BRDA:76,2,1,0
BRDA:96,3,0,1
BRDA:96,3,1,6
BRDA:96,4,0,7
BRDA:96,4,1,6
BRDA:101,5,0,1
BRDA:101,5,1,5
BRDA:116,6,0,0
BRDA:116,6,1,0
BRDA:116,7,0,0
BRDA:116,7,1,0
BRDA:148,8,0,24
BRDA:148,8,1,13
BRDA:151,9,0,24
BRDA:151,9,1,2
BRDA:183,10,0,13
BRDA:183,10,1,2
BRDA:193,11,0,0
BRDA:193,11,1,13
BRDA:201,12,0,0
BRDA:201,12,1,13
BRDA:209,13,0,3
BRDA:209,13,1,10
BRDA:217,14,0,1
BRDA:217,14,1,12
BRDA:225,15,0,0
BRDA:225,15,1,13
BRDA:232,16,0,1
BRDA:232,16,1,12
BRF:34
BRH:26
end_of_record
